Mon Mar 04 21:45:25 UserDiv from Layout.INI for AutoECO: 60
Mon Mar 04 21:45:25 Loaded file C:\ORCAD\ORCAD_16.0\TOOLS\LAYOUT_ENG_ED\DATA\DEFAULT.TCH
Mon Mar 04 21:45:25 Loaded file C:\OrCAD\OrCAD_16.0\tools\Layout_Eng_Ed\library\BCON100T.llb
Mon Mar 04 21:45:25 Loaded file C:\OrCAD\OrCAD_16.0\tools\Layout_Eng_Ed\library\BCON156T.llb
Mon Mar 04 21:45:25 Loaded file C:\OrCAD\OrCAD_16.0\tools\Layout_Eng_Ed\library\BGA.llb
Mon Mar 04 21:45:25 Loaded file C:\OrCAD\OrCAD_16.0\tools\Layout_Eng_Ed\library\CLCC.llb
Mon Mar 04 21:45:25 Loaded file C:\OrCAD\OrCAD_16.0\tools\Layout_Eng_Ed\library\DCON050T.llb
Mon Mar 04 21:45:25 Loaded file C:\OrCAD\OrCAD_16.0\tools\Layout_Eng_Ed\library\DCON085T.llb
Mon Mar 04 21:45:25 Loaded file C:\OrCAD\OrCAD_16.0\tools\Layout_Eng_Ed\library\DIMM050F.llb
Mon Mar 04 21:45:25 Loaded file C:\OrCAD\OrCAD_16.0\tools\Layout_Eng_Ed\library\DIMM050T.llb
Mon Mar 04 21:45:25 Loaded file C:\OrCAD\OrCAD_16.0\tools\Layout_Eng_Ed\library\DIN.llb
Mon Mar 04 21:45:25 Loaded file C:\OrCAD\OrCAD_16.0\tools\Layout_Eng_Ed\library\DIP100B.llb
Mon Mar 04 21:45:25 Loaded file C:\OrCAD\OrCAD_16.0\tools\Layout_Eng_Ed\library\DIP100T.llb
Mon Mar 04 21:45:25 Loaded file C:\OrCAD\OrCAD_16.0\tools\Layout_Eng_Ed\library\DSUBT.llb
Mon Mar 04 21:45:25 Loaded file C:\OrCAD\OrCAD_16.0\tools\Layout_Eng_Ed\library\DSUBT_HD.LLB
Mon Mar 04 21:45:25 Loaded file C:\OrCAD\OrCAD_16.0\tools\Layout_Eng_Ed\library\ECON100T.llb
Mon Mar 04 21:45:25 Loaded file C:\OrCAD\OrCAD_16.0\tools\Layout_Eng_Ed\library\FBUS.llb
Mon Mar 04 21:45:25 Loaded file C:\OrCAD\OrCAD_16.0\tools\Layout_Eng_Ed\library\ISA.llb
Mon Mar 04 21:45:25 Loaded file C:\OrCAD\OrCAD_16.0\tools\Layout_Eng_Ed\library\JUMPER.LLB
Mon Mar 04 21:45:25 Loaded file C:\OrCAD\OrCAD_16.0\tools\Layout_Eng_Ed\library\LAYOUT.llb
Mon Mar 04 21:45:26 Loaded file C:\OrCAD\OrCAD_16.0\tools\Layout_Eng_Ed\library\LCON100T.llb
Mon Mar 04 21:45:26 Loaded file C:\OrCAD\OrCAD_16.0\tools\Layout_Eng_Ed\library\PC104.llb
Mon Mar 04 21:45:26 Loaded file C:\OrCAD\OrCAD_16.0\tools\Layout_Eng_Ed\library\PCI.llb
Mon Mar 04 21:45:26 Loaded file C:\OrCAD\OrCAD_16.0\tools\Layout_Eng_Ed\library\PCON100T.llb
Mon Mar 04 21:45:26 Loaded file C:\OrCAD\OrCAD_16.0\tools\Layout_Eng_Ed\library\PCON156T.llb
Mon Mar 04 21:45:26 Loaded file C:\OrCAD\OrCAD_16.0\tools\Layout_Eng_Ed\library\PGA.llb
Mon Mar 04 21:45:26 Loaded file C:\OrCAD\OrCAD_16.0\tools\Layout_Eng_Ed\library\PLCC.llb
Mon Mar 04 21:45:26 Loaded file C:\OrCAD\OrCAD_16.0\tools\Layout_Eng_Ed\library\QUAD.llb
Mon Mar 04 21:45:26 Loaded file C:\OrCAD\OrCAD_16.0\tools\Layout_Eng_Ed\library\QUADB.llb
Mon Mar 04 21:45:26 Loaded file C:\OrCAD\OrCAD_16.0\tools\Layout_Eng_Ed\library\RELAY.llb
Mon Mar 04 21:45:26 Loaded file C:\OrCAD\OrCAD_16.0\tools\Layout_Eng_Ed\library\RF.llb
Mon Mar 04 21:45:26 Loaded file C:\OrCAD\OrCAD_16.0\tools\Layout_Eng_Ed\library\SBUS.llb
Mon Mar 04 21:45:26 Loaded file C:\OrCAD\OrCAD_16.0\tools\Layout_Eng_Ed\library\SIMM050F.llb
Mon Mar 04 21:45:26 Loaded file C:\OrCAD\OrCAD_16.0\tools\Layout_Eng_Ed\library\SIMM050T.llb
Mon Mar 04 21:45:26 Loaded file C:\OrCAD\OrCAD_16.0\tools\Layout_Eng_Ed\library\SIMM100F.llb
Mon Mar 04 21:45:26 Loaded file C:\OrCAD\OrCAD_16.0\tools\Layout_Eng_Ed\library\SIMM100T.llb
Mon Mar 04 21:45:26 Loaded file C:\OrCAD\OrCAD_16.0\tools\Layout_Eng_Ed\library\SIP.llb
Mon Mar 04 21:45:26 Loaded file C:\OrCAD\OrCAD_16.0\tools\Layout_Eng_Ed\library\SM.llb
Mon Mar 04 21:45:26 Loaded file C:\OrCAD\OrCAD_16.0\tools\Layout_Eng_Ed\library\SOG.llb
Mon Mar 04 21:45:26 Loaded file C:\OrCAD\OrCAD_16.0\tools\Layout_Eng_Ed\library\SOJ.llb
Mon Mar 04 21:45:26 Loaded file C:\OrCAD\OrCAD_16.0\tools\Layout_Eng_Ed\library\STIFF.llb
Mon Mar 04 21:45:26 Loaded file C:\OrCAD\OrCAD_16.0\tools\Layout_Eng_Ed\library\TELE.llb
Mon Mar 04 21:45:26 Loaded file C:\OrCAD\OrCAD_16.0\tools\Layout_Eng_Ed\library\TM_AXIAL.llb
Mon Mar 04 21:45:26 Loaded file C:\OrCAD\OrCAD_16.0\tools\Layout_Eng_Ed\library\TM_CAP_P.llb
Mon Mar 04 21:45:26 Loaded file C:\OrCAD\OrCAD_16.0\tools\Layout_Eng_Ed\library\TM_CYLND.llb
Mon Mar 04 21:45:26 Loaded file C:\OrCAD\OrCAD_16.0\tools\Layout_Eng_Ed\library\TM_DIODE.llb
Mon Mar 04 21:45:26 Loaded file C:\OrCAD\OrCAD_16.0\tools\Layout_Eng_Ed\library\TM_DISC.llb
Mon Mar 04 21:45:26 Loaded file C:\OrCAD\OrCAD_16.0\tools\Layout_Eng_Ed\library\TM_RAD.llb
Mon Mar 04 21:45:26 Loaded file C:\OrCAD\OrCAD_16.0\tools\Layout_Eng_Ed\library\TO.llb
Mon Mar 04 21:45:26 Loaded file C:\OrCAD\OrCAD_16.0\tools\Layout_Eng_Ed\library\TRAINING.LLB
Mon Mar 04 21:45:26 Loaded file C:\OrCAD\OrCAD_16.0\tools\Layout_Eng_Ed\library\VRES.llb
Mon Mar 04 21:45:26 Loaded file C:\OrCAD\OrCAD_16.0\tools\Layout_Eng_Ed\library\WCON100T.llb
Mon Mar 04 21:45:26 Loaded file C:\OrCAD\OrCAD_16.0\tools\Layout_Eng_Ed\library\XT.llb
Mon Mar 04 21:45:26 Loaded file C:\OrCAD\OrCAD_16.0\tools\Layout_Eng_Ed\library\ZIGZAG.llb
Mon Mar 04 21:45:27 Loaded file C:\ORCAD\ORCAD_16.0\TOOLS\LAYOUT_ENG_ED\DATA\DEFAULT.TCH
Mon Mar 04 21:45:28 Saved as file C:\ORCAD\ORCAD_16.0\TOOLS\LAYOUT_ENG_ED\DATA\DEFAULT.TCH
Mon Mar 04 21:46:43 UserDiv from Layout.INI for AutoECO: 60
Mon Mar 04 21:46:43 Loaded file C:\ORCAD\ORCAD_16.0\TOOLS\LAYOUT\DATA\_DEFAULT.TCH
Mon Mar 04 21:46:43 Loaded file C:\OrCAD\OrCAD_16.0\tools\Layout_Eng_Ed\library\BCON100T.llb
Mon Mar 04 21:46:43 Loaded file C:\OrCAD\OrCAD_16.0\tools\Layout_Eng_Ed\library\BCON156T.llb
Mon Mar 04 21:46:43 Loaded file C:\OrCAD\OrCAD_16.0\tools\Layout_Eng_Ed\library\BGA.llb
Mon Mar 04 21:46:43 Loaded file C:\OrCAD\OrCAD_16.0\tools\Layout_Eng_Ed\library\CLCC.llb
Mon Mar 04 21:46:43 Loaded file C:\OrCAD\OrCAD_16.0\tools\Layout_Eng_Ed\library\DCON050T.llb
Mon Mar 04 21:46:43 Loaded file C:\OrCAD\OrCAD_16.0\tools\Layout_Eng_Ed\library\DCON085T.llb
Mon Mar 04 21:46:43 Loaded file C:\OrCAD\OrCAD_16.0\tools\Layout_Eng_Ed\library\DIMM050F.llb
Mon Mar 04 21:46:43 Loaded file C:\OrCAD\OrCAD_16.0\tools\Layout_Eng_Ed\library\DIMM050T.llb
Mon Mar 04 21:46:43 Loaded file C:\OrCAD\OrCAD_16.0\tools\Layout_Eng_Ed\library\DIN.llb
Mon Mar 04 21:46:44 Loaded file C:\OrCAD\OrCAD_16.0\tools\Layout_Eng_Ed\library\DIP100B.llb
Mon Mar 04 21:46:44 Loaded file C:\OrCAD\OrCAD_16.0\tools\Layout_Eng_Ed\library\DIP100T.llb
Mon Mar 04 21:46:44 Loaded file C:\OrCAD\OrCAD_16.0\tools\Layout_Eng_Ed\library\DSUBT.llb
Mon Mar 04 21:46:44 Loaded file C:\OrCAD\OrCAD_16.0\tools\Layout_Eng_Ed\library\DSUBT_HD.LLB
Mon Mar 04 21:46:44 Loaded file C:\OrCAD\OrCAD_16.0\tools\Layout_Eng_Ed\library\ECON100T.llb
Mon Mar 04 21:46:44 Loaded file C:\OrCAD\OrCAD_16.0\tools\Layout_Eng_Ed\library\FBUS.llb
Mon Mar 04 21:46:44 Loaded file C:\OrCAD\OrCAD_16.0\tools\Layout_Eng_Ed\library\ISA.llb
Mon Mar 04 21:46:44 Loaded file C:\OrCAD\OrCAD_16.0\tools\Layout_Eng_Ed\library\JUMPER.LLB
Mon Mar 04 21:46:44 Loaded file C:\OrCAD\OrCAD_16.0\tools\Layout_Eng_Ed\library\LAYOUT.llb
Mon Mar 04 21:46:44 Loaded file C:\OrCAD\OrCAD_16.0\tools\Layout_Eng_Ed\library\LCON100T.llb
Mon Mar 04 21:46:44 Loaded file C:\OrCAD\OrCAD_16.0\tools\Layout_Eng_Ed\library\PC104.llb
Mon Mar 04 21:46:44 Loaded file C:\OrCAD\OrCAD_16.0\tools\Layout_Eng_Ed\library\PCI.llb
Mon Mar 04 21:46:44 Loaded file C:\OrCAD\OrCAD_16.0\tools\Layout_Eng_Ed\library\PCON100T.llb
Mon Mar 04 21:46:44 Loaded file C:\OrCAD\OrCAD_16.0\tools\Layout_Eng_Ed\library\PCON156T.llb
Mon Mar 04 21:46:44 Loaded file C:\OrCAD\OrCAD_16.0\tools\Layout_Eng_Ed\library\PGA.llb
Mon Mar 04 21:46:45 Loaded file C:\OrCAD\OrCAD_16.0\tools\Layout_Eng_Ed\library\PLCC.llb
Mon Mar 04 21:46:45 Loaded file C:\OrCAD\OrCAD_16.0\tools\Layout_Eng_Ed\library\QUAD.llb
Mon Mar 04 21:46:45 Loaded file C:\OrCAD\OrCAD_16.0\tools\Layout_Eng_Ed\library\QUADB.llb
Mon Mar 04 21:46:45 Loaded file C:\OrCAD\OrCAD_16.0\tools\Layout_Eng_Ed\library\RELAY.llb
Mon Mar 04 21:46:45 Loaded file C:\OrCAD\OrCAD_16.0\tools\Layout_Eng_Ed\library\RF.llb
Mon Mar 04 21:46:45 Loaded file C:\OrCAD\OrCAD_16.0\tools\Layout_Eng_Ed\library\SBUS.llb
Mon Mar 04 21:46:45 Loaded file C:\OrCAD\OrCAD_16.0\tools\Layout_Eng_Ed\library\SIMM050F.llb
Mon Mar 04 21:46:45 Loaded file C:\OrCAD\OrCAD_16.0\tools\Layout_Eng_Ed\library\SIMM050T.llb
Mon Mar 04 21:46:45 Loaded file C:\OrCAD\OrCAD_16.0\tools\Layout_Eng_Ed\library\SIMM100F.llb
Mon Mar 04 21:46:45 Loaded file C:\OrCAD\OrCAD_16.0\tools\Layout_Eng_Ed\library\SIMM100T.llb
Mon Mar 04 21:46:45 Loaded file C:\OrCAD\OrCAD_16.0\tools\Layout_Eng_Ed\library\SIP.llb
Mon Mar 04 21:46:45 Loaded file C:\OrCAD\OrCAD_16.0\tools\Layout_Eng_Ed\library\SM.llb
Mon Mar 04 21:46:45 Loaded file C:\OrCAD\OrCAD_16.0\tools\Layout_Eng_Ed\library\SOG.llb
Mon Mar 04 21:46:45 Loaded file C:\OrCAD\OrCAD_16.0\tools\Layout_Eng_Ed\library\SOJ.llb
Mon Mar 04 21:46:45 Loaded file C:\OrCAD\OrCAD_16.0\tools\Layout_Eng_Ed\library\STIFF.llb
Mon Mar 04 21:46:45 Loaded file C:\OrCAD\OrCAD_16.0\tools\Layout_Eng_Ed\library\TELE.llb
Mon Mar 04 21:46:45 Loaded file C:\OrCAD\OrCAD_16.0\tools\Layout_Eng_Ed\library\TM_AXIAL.llb
Mon Mar 04 21:46:45 Loaded file C:\OrCAD\OrCAD_16.0\tools\Layout_Eng_Ed\library\TM_CAP_P.llb
Mon Mar 04 21:46:45 Loaded file C:\OrCAD\OrCAD_16.0\tools\Layout_Eng_Ed\library\TM_CYLND.llb
Mon Mar 04 21:46:45 Loaded file C:\OrCAD\OrCAD_16.0\tools\Layout_Eng_Ed\library\TM_DIODE.llb
Mon Mar 04 21:46:45 Loaded file C:\OrCAD\OrCAD_16.0\tools\Layout_Eng_Ed\library\TM_DISC.llb
Mon Mar 04 21:46:45 Loaded file C:\OrCAD\OrCAD_16.0\tools\Layout_Eng_Ed\library\TM_RAD.llb
Mon Mar 04 21:46:46 Loaded file C:\OrCAD\OrCAD_16.0\tools\Layout_Eng_Ed\library\TO.llb
Mon Mar 04 21:46:46 Loaded file C:\OrCAD\OrCAD_16.0\tools\Layout_Eng_Ed\library\TRAINING.LLB
Mon Mar 04 21:46:46 Loaded file C:\OrCAD\OrCAD_16.0\tools\Layout_Eng_Ed\library\VRES.llb
Mon Mar 04 21:46:46 Loaded file C:\OrCAD\OrCAD_16.0\tools\Layout_Eng_Ed\library\WCON100T.llb
Mon Mar 04 21:46:46 Loaded file C:\OrCAD\OrCAD_16.0\tools\Layout_Eng_Ed\library\XT.llb
Mon Mar 04 21:46:46 Loaded file C:\OrCAD\OrCAD_16.0\tools\Layout_Eng_Ed\library\ZIGZAG.llb
Mon Mar 04 21:46:46 Loaded file C:\ORCAD\ORCAD_16.0\TOOLS\LAYOUT\DATA\_DEFAULT.TCH
Mon Mar 04 21:46:46 Saved as file C:\ORCAD\ORCAD_16.0\TOOLS\LAYOUT\DATA\_DEFAULT.TCH
Mon Mar 04 21:47:30 Saved as file BACKUP1.MAX
Mon Mar 04 21:47:30 Saved as file D:\VINAY\PROJECTS\AGRO - IOT SENSOR PROJECT\PCB_LWS-V1\PCB_LWS-V1.MAX
Mon Mar 04 21:47:32 UserDiv from Layout.INI for AutoECO: 60
Mon Mar 04 21:47:32 Loaded file D:\VINAY\PROJECTS\AGRO - IOT SENSOR PROJECT\PCB_LWS-V1\PCB_LWS-V1.MAX
Mon Mar 04 21:47:32 Loaded file C:\ORCAD\ORCAD_16.0\TOOLS\LAYOUT_ENG_ED\library\BCON100T.llb
Mon Mar 04 21:47:32 Loaded file C:\ORCAD\ORCAD_16.0\TOOLS\LAYOUT_ENG_ED\library\BCON156T.llb
Mon Mar 04 21:47:32 Loaded file C:\ORCAD\ORCAD_16.0\TOOLS\LAYOUT_ENG_ED\library\BGA.llb
Mon Mar 04 21:47:32 Loaded file C:\ORCAD\ORCAD_16.0\TOOLS\LAYOUT_ENG_ED\library\CLCC.llb
Mon Mar 04 21:47:32 Loaded file C:\ORCAD\ORCAD_16.0\TOOLS\LAYOUT_ENG_ED\library\DCON050T.llb
Mon Mar 04 21:47:32 Loaded file C:\ORCAD\ORCAD_16.0\TOOLS\LAYOUT_ENG_ED\library\DCON085T.llb
Mon Mar 04 21:47:32 Loaded file C:\ORCAD\ORCAD_16.0\TOOLS\LAYOUT_ENG_ED\library\DIMM050F.llb
Mon Mar 04 21:47:32 Loaded file C:\ORCAD\ORCAD_16.0\TOOLS\LAYOUT_ENG_ED\library\DIMM050T.llb
Mon Mar 04 21:47:32 Loaded file C:\ORCAD\ORCAD_16.0\TOOLS\LAYOUT_ENG_ED\library\DIN.llb
Mon Mar 04 21:47:32 Loaded file C:\ORCAD\ORCAD_16.0\TOOLS\LAYOUT_ENG_ED\library\DIP100B.llb
Mon Mar 04 21:47:32 Loaded file C:\ORCAD\ORCAD_16.0\TOOLS\LAYOUT_ENG_ED\library\DIP100T.llb
Mon Mar 04 21:47:32 Loaded file C:\ORCAD\ORCAD_16.0\TOOLS\LAYOUT_ENG_ED\library\DSUBT.llb
Mon Mar 04 21:47:33 Loaded file C:\ORCAD\ORCAD_16.0\TOOLS\LAYOUT_ENG_ED\library\DSUBT_HD.LLB
Mon Mar 04 21:47:33 Loaded file C:\ORCAD\ORCAD_16.0\TOOLS\LAYOUT_ENG_ED\library\ECON100T.llb
Mon Mar 04 21:47:33 Loaded file C:\ORCAD\ORCAD_16.0\TOOLS\LAYOUT_ENG_ED\library\FBUS.llb
Mon Mar 04 21:47:33 Loaded file C:\ORCAD\ORCAD_16.0\TOOLS\LAYOUT_ENG_ED\library\ISA.llb
Mon Mar 04 21:47:33 Loaded file C:\ORCAD\ORCAD_16.0\TOOLS\LAYOUT_ENG_ED\library\JUMPER.LLB
Mon Mar 04 21:47:33 Loaded file C:\ORCAD\ORCAD_16.0\TOOLS\LAYOUT_ENG_ED\library\LAYOUT.llb
Mon Mar 04 21:47:33 Loaded file C:\ORCAD\ORCAD_16.0\TOOLS\LAYOUT_ENG_ED\library\LCON100T.llb
Mon Mar 04 21:47:33 Loaded file C:\ORCAD\ORCAD_16.0\TOOLS\LAYOUT_ENG_ED\library\PC104.llb
Mon Mar 04 21:47:33 Loaded file C:\ORCAD\ORCAD_16.0\TOOLS\LAYOUT_ENG_ED\library\PCI.llb
Mon Mar 04 21:47:33 Loaded file C:\ORCAD\ORCAD_16.0\TOOLS\LAYOUT_ENG_ED\library\PCON100T.llb
Mon Mar 04 21:47:33 Loaded file C:\ORCAD\ORCAD_16.0\TOOLS\LAYOUT_ENG_ED\library\PCON156T.llb
Mon Mar 04 21:47:33 Loaded file C:\ORCAD\ORCAD_16.0\TOOLS\LAYOUT_ENG_ED\library\PGA.llb
Mon Mar 04 21:47:33 Loaded file C:\ORCAD\ORCAD_16.0\TOOLS\LAYOUT_ENG_ED\library\PLCC.llb
Mon Mar 04 21:47:33 Loaded file C:\ORCAD\ORCAD_16.0\TOOLS\LAYOUT_ENG_ED\library\QUAD.llb
Mon Mar 04 21:47:33 Loaded file C:\ORCAD\ORCAD_16.0\TOOLS\LAYOUT_ENG_ED\library\QUADB.llb
Mon Mar 04 21:47:33 Loaded file C:\ORCAD\ORCAD_16.0\TOOLS\LAYOUT_ENG_ED\library\RELAY.llb
Mon Mar 04 21:47:33 Loaded file C:\ORCAD\ORCAD_16.0\TOOLS\LAYOUT_ENG_ED\library\RF.llb
Mon Mar 04 21:47:33 Loaded file C:\ORCAD\ORCAD_16.0\TOOLS\LAYOUT_ENG_ED\library\SBUS.llb
Mon Mar 04 21:47:33 Loaded file C:\ORCAD\ORCAD_16.0\TOOLS\LAYOUT_ENG_ED\library\SIMM050F.llb
Mon Mar 04 21:47:33 Loaded file C:\ORCAD\ORCAD_16.0\TOOLS\LAYOUT_ENG_ED\library\SIMM050T.llb
Mon Mar 04 21:47:33 Loaded file C:\ORCAD\ORCAD_16.0\TOOLS\LAYOUT_ENG_ED\library\SIMM100F.llb
Mon Mar 04 21:47:33 Loaded file C:\ORCAD\ORCAD_16.0\TOOLS\LAYOUT_ENG_ED\library\SIMM100T.llb
Mon Mar 04 21:47:33 Loaded file C:\ORCAD\ORCAD_16.0\TOOLS\LAYOUT_ENG_ED\library\SIP.llb
Mon Mar 04 21:47:33 Loaded file C:\ORCAD\ORCAD_16.0\TOOLS\LAYOUT_ENG_ED\library\SM.llb
Mon Mar 04 21:47:33 Loaded file C:\ORCAD\ORCAD_16.0\TOOLS\LAYOUT_ENG_ED\library\SOG.llb
Mon Mar 04 21:47:33 Loaded file C:\ORCAD\ORCAD_16.0\TOOLS\LAYOUT_ENG_ED\library\SOJ.llb
Mon Mar 04 21:47:33 Loaded file C:\ORCAD\ORCAD_16.0\TOOLS\LAYOUT_ENG_ED\library\STIFF.llb
Mon Mar 04 21:47:33 Loaded file C:\ORCAD\ORCAD_16.0\TOOLS\LAYOUT_ENG_ED\library\TELE.llb
Mon Mar 04 21:47:33 Loaded file C:\ORCAD\ORCAD_16.0\TOOLS\LAYOUT_ENG_ED\library\TM_AXIAL.llb
Mon Mar 04 21:47:33 Loaded file C:\ORCAD\ORCAD_16.0\TOOLS\LAYOUT_ENG_ED\library\TM_CAP_P.llb
Mon Mar 04 21:47:33 Loaded file C:\ORCAD\ORCAD_16.0\TOOLS\LAYOUT_ENG_ED\library\TM_CYLND.llb
Mon Mar 04 21:47:33 Loaded file C:\ORCAD\ORCAD_16.0\TOOLS\LAYOUT_ENG_ED\library\TM_DIODE.llb
Mon Mar 04 21:47:33 Loaded file C:\ORCAD\ORCAD_16.0\TOOLS\LAYOUT_ENG_ED\library\TM_DISC.llb
Mon Mar 04 21:47:33 Loaded file C:\ORCAD\ORCAD_16.0\TOOLS\LAYOUT_ENG_ED\library\TM_RAD.llb
Mon Mar 04 21:47:33 Loaded file C:\ORCAD\ORCAD_16.0\TOOLS\LAYOUT_ENG_ED\library\TO.llb
Mon Mar 04 21:47:33 Loaded file C:\ORCAD\ORCAD_16.0\TOOLS\LAYOUT_ENG_ED\library\TRAINING.LLB
Mon Mar 04 21:47:33 Loaded file C:\ORCAD\ORCAD_16.0\TOOLS\LAYOUT_ENG_ED\library\VRES.llb
Mon Mar 04 21:47:33 Loaded file C:\ORCAD\ORCAD_16.0\TOOLS\LAYOUT_ENG_ED\library\WCON100T.llb
Mon Mar 04 21:47:33 Loaded file C:\ORCAD\ORCAD_16.0\TOOLS\LAYOUT_ENG_ED\library\XT.llb
Mon Mar 04 21:47:33 Loaded file C:\ORCAD\ORCAD_16.0\TOOLS\LAYOUT_ENG_ED\library\ZIGZAG.llb
Mon Mar 04 21:47:34 Loaded file D:\VINAY\PROJECTS\AGRO - IOT SENSOR PROJECT\PCB_LWS-V1\PCB_LWS-V1.MAX
Mon Mar 04 21:47:35 Saved as file D:\VINAY\PROJECTS\AGRO - IOT SENSOR PROJECT\PCB_LWS-V1\PCB_LWS-V1.MAX
Mon Mar 04 21:47:35 Loaded file D:\VINAY\PROJECTS\AGRO - IOT SENSOR PROJECT\PCB_LWS-V1\PCB_LWS-V1.MAX
Mon Mar 04 21:47:41 Saved as file D:\VINAY\PROJECTS\AGRO - IOT SENSOR PROJECT\PCB_LWS-V1\PCB_LWS-V1.MAX
Mon Mar 04 21:49:17 Saved as file BACKUP1.MAX
Mon Mar 04 21:49:17 Saved as file D:\VINAY\PROJECTS\AGRO - IOT SENSOR PROJECT\PCB_LWS-V1\PCB_LWS-V1.MAX
Mon Mar 04 21:49:18 UserDiv from Layout.INI for AutoECO: 60
Mon Mar 04 21:49:18 Loaded file D:\VINAY\PROJECTS\AGRO - IOT SENSOR PROJECT\PCB_LWS-V1\PCB_LWS-V1.MAX
Mon Mar 04 21:49:18 Loaded file C:\ORCAD\ORCAD_16.0\TOOLS\LAYOUT_ENG_ED\library\BCON100T.llb
Mon Mar 04 21:49:18 Loaded file C:\ORCAD\ORCAD_16.0\TOOLS\LAYOUT_ENG_ED\library\BCON156T.llb
Mon Mar 04 21:49:18 Loaded file C:\ORCAD\ORCAD_16.0\TOOLS\LAYOUT_ENG_ED\library\BGA.llb
Mon Mar 04 21:49:18 Loaded file C:\ORCAD\ORCAD_16.0\TOOLS\LAYOUT_ENG_ED\library\CLCC.llb
Mon Mar 04 21:49:18 Loaded file C:\ORCAD\ORCAD_16.0\TOOLS\LAYOUT_ENG_ED\library\DCON050T.llb
Mon Mar 04 21:49:18 Loaded file C:\ORCAD\ORCAD_16.0\TOOLS\LAYOUT_ENG_ED\library\DCON085T.llb
Mon Mar 04 21:49:18 Loaded file C:\ORCAD\ORCAD_16.0\TOOLS\LAYOUT_ENG_ED\library\DIMM050F.llb
Mon Mar 04 21:49:18 Loaded file C:\ORCAD\ORCAD_16.0\TOOLS\LAYOUT_ENG_ED\library\DIMM050T.llb
Mon Mar 04 21:49:18 Loaded file C:\ORCAD\ORCAD_16.0\TOOLS\LAYOUT_ENG_ED\library\DIN.llb
Mon Mar 04 21:49:18 Loaded file C:\ORCAD\ORCAD_16.0\TOOLS\LAYOUT_ENG_ED\library\DIP100B.llb
Mon Mar 04 21:49:18 Loaded file C:\ORCAD\ORCAD_16.0\TOOLS\LAYOUT_ENG_ED\library\DIP100T.llb
Mon Mar 04 21:49:18 Loaded file C:\ORCAD\ORCAD_16.0\TOOLS\LAYOUT_ENG_ED\library\DSUBT.llb
Mon Mar 04 21:49:19 Loaded file C:\ORCAD\ORCAD_16.0\TOOLS\LAYOUT_ENG_ED\library\DSUBT_HD.LLB
Mon Mar 04 21:49:19 Loaded file C:\ORCAD\ORCAD_16.0\TOOLS\LAYOUT_ENG_ED\library\ECON100T.llb
Mon Mar 04 21:49:19 Loaded file C:\ORCAD\ORCAD_16.0\TOOLS\LAYOUT_ENG_ED\library\FBUS.llb
Mon Mar 04 21:49:19 Loaded file C:\ORCAD\ORCAD_16.0\TOOLS\LAYOUT_ENG_ED\library\ISA.llb
Mon Mar 04 21:49:19 Loaded file C:\ORCAD\ORCAD_16.0\TOOLS\LAYOUT_ENG_ED\library\JUMPER.LLB
Mon Mar 04 21:49:19 Loaded file C:\ORCAD\ORCAD_16.0\TOOLS\LAYOUT_ENG_ED\library\LAYOUT.llb
Mon Mar 04 21:49:19 Loaded file C:\ORCAD\ORCAD_16.0\TOOLS\LAYOUT_ENG_ED\library\LCON100T.llb
Mon Mar 04 21:49:19 Loaded file C:\ORCAD\ORCAD_16.0\TOOLS\LAYOUT_ENG_ED\library\PC104.llb
Mon Mar 04 21:49:19 Loaded file C:\ORCAD\ORCAD_16.0\TOOLS\LAYOUT_ENG_ED\library\PCI.llb
Mon Mar 04 21:49:19 Loaded file C:\ORCAD\ORCAD_16.0\TOOLS\LAYOUT_ENG_ED\library\PCON100T.llb
Mon Mar 04 21:49:19 Loaded file C:\ORCAD\ORCAD_16.0\TOOLS\LAYOUT_ENG_ED\library\PCON156T.llb
Mon Mar 04 21:49:19 Loaded file C:\ORCAD\ORCAD_16.0\TOOLS\LAYOUT_ENG_ED\library\PGA.llb
Mon Mar 04 21:49:19 Loaded file C:\ORCAD\ORCAD_16.0\TOOLS\LAYOUT_ENG_ED\library\PLCC.llb
Mon Mar 04 21:49:19 Loaded file C:\ORCAD\ORCAD_16.0\TOOLS\LAYOUT_ENG_ED\library\QUAD.llb
Mon Mar 04 21:49:19 Loaded file C:\ORCAD\ORCAD_16.0\TOOLS\LAYOUT_ENG_ED\library\QUADB.llb
Mon Mar 04 21:49:19 Loaded file C:\ORCAD\ORCAD_16.0\TOOLS\LAYOUT_ENG_ED\library\RELAY.llb
Mon Mar 04 21:49:19 Loaded file C:\ORCAD\ORCAD_16.0\TOOLS\LAYOUT_ENG_ED\library\RF.llb
Mon Mar 04 21:49:19 Loaded file C:\ORCAD\ORCAD_16.0\TOOLS\LAYOUT_ENG_ED\library\SBUS.llb
Mon Mar 04 21:49:19 Loaded file C:\ORCAD\ORCAD_16.0\TOOLS\LAYOUT_ENG_ED\library\SIMM050F.llb
Mon Mar 04 21:49:19 Loaded file C:\ORCAD\ORCAD_16.0\TOOLS\LAYOUT_ENG_ED\library\SIMM050T.llb
Mon Mar 04 21:49:19 Loaded file C:\ORCAD\ORCAD_16.0\TOOLS\LAYOUT_ENG_ED\library\SIMM100F.llb
Mon Mar 04 21:49:19 Loaded file C:\ORCAD\ORCAD_16.0\TOOLS\LAYOUT_ENG_ED\library\SIMM100T.llb
Mon Mar 04 21:49:19 Loaded file C:\ORCAD\ORCAD_16.0\TOOLS\LAYOUT_ENG_ED\library\SIP.llb
Mon Mar 04 21:49:19 Loaded file C:\ORCAD\ORCAD_16.0\TOOLS\LAYOUT_ENG_ED\library\SM.llb
Mon Mar 04 21:49:19 Loaded file C:\ORCAD\ORCAD_16.0\TOOLS\LAYOUT_ENG_ED\library\SOG.llb
Mon Mar 04 21:49:19 Loaded file C:\ORCAD\ORCAD_16.0\TOOLS\LAYOUT_ENG_ED\library\SOJ.llb
Mon Mar 04 21:49:19 Loaded file C:\ORCAD\ORCAD_16.0\TOOLS\LAYOUT_ENG_ED\library\STIFF.llb
Mon Mar 04 21:49:19 Loaded file C:\ORCAD\ORCAD_16.0\TOOLS\LAYOUT_ENG_ED\library\TELE.llb
Mon Mar 04 21:49:19 Loaded file C:\ORCAD\ORCAD_16.0\TOOLS\LAYOUT_ENG_ED\library\TM_AXIAL.llb
Mon Mar 04 21:49:19 Loaded file C:\ORCAD\ORCAD_16.0\TOOLS\LAYOUT_ENG_ED\library\TM_CAP_P.llb
Mon Mar 04 21:49:19 Loaded file C:\ORCAD\ORCAD_16.0\TOOLS\LAYOUT_ENG_ED\library\TM_CYLND.llb
Mon Mar 04 21:49:19 Loaded file C:\ORCAD\ORCAD_16.0\TOOLS\LAYOUT_ENG_ED\library\TM_DIODE.llb
Mon Mar 04 21:49:19 Loaded file C:\ORCAD\ORCAD_16.0\TOOLS\LAYOUT_ENG_ED\library\TM_DISC.llb
Mon Mar 04 21:49:19 Loaded file C:\ORCAD\ORCAD_16.0\TOOLS\LAYOUT_ENG_ED\library\TM_RAD.llb
Mon Mar 04 21:49:19 Loaded file C:\ORCAD\ORCAD_16.0\TOOLS\LAYOUT_ENG_ED\library\TO.llb
Mon Mar 04 21:49:19 Loaded file C:\ORCAD\ORCAD_16.0\TOOLS\LAYOUT_ENG_ED\library\TRAINING.LLB
Mon Mar 04 21:49:19 Loaded file C:\ORCAD\ORCAD_16.0\TOOLS\LAYOUT_ENG_ED\library\VRES.llb
Mon Mar 04 21:49:19 Loaded file C:\ORCAD\ORCAD_16.0\TOOLS\LAYOUT_ENG_ED\library\WCON100T.llb
Mon Mar 04 21:49:20 Loaded file C:\ORCAD\ORCAD_16.0\TOOLS\LAYOUT_ENG_ED\library\XT.llb
Mon Mar 04 21:49:20 Loaded file C:\ORCAD\ORCAD_16.0\TOOLS\LAYOUT_ENG_ED\library\ZIGZAG.llb
Mon Mar 04 21:49:20 Library file not found:USER.PRT
Mon Mar 04 21:49:20 Library file not found:USER.PRT
Mon Mar 04 21:49:21 Loaded file C:\ORCAD\ORCAD_16.0\TOOLS\LAYOUT_ENG_ED\data\template.imp
Mon Mar 04 21:49:21 Loaded file C:\ORCAD\ORCAD_16.0\TOOLS\LAYOUT_ENG_ED\data\template.imp
Mon Mar 04 21:49:25 Loaded file C:\ORCAD\ORCAD_16.0\TOOLS\LAYOUT_ENG_ED\library\CLCC.llb
Mon Mar 04 21:49:25 Loaded file C:\ORCAD\ORCAD_16.0\TOOLS\LAYOUT_ENG_ED\library\CLCC.llb
Mon Mar 04 21:50:39 Loaded file D:\VINAY\PROJECTS\AGRO - IOT SENSOR PROJECT\PCB_LWS-V1\PCB_LWS-V1.MAX
Mon Mar 04 21:51:11 Saved as file D:\VINAY\PROJECTS\AGRO - IOT SENSOR PROJECT\PCB_LWS-V1\PCB_LWS-V1.MAX
Mon Mar 04 21:54:26 Saved as file BACKUP1.MAX
Mon Mar 04 21:54:26 Saved as file D:\VINAY\PROJECTS\AGRO - IOT SENSOR PROJECT\PCB_LWS-V1\PCB_LWS-V1.MAX
Mon Mar 04 21:54:28 UserDiv from Layout.INI for AutoECO: 60
Mon Mar 04 21:54:28 Loaded file D:\VINAY\PROJECTS\AGRO - IOT SENSOR PROJECT\PCB_LWS-V1\PCB_LWS-V1.MAX
Mon Mar 04 21:54:28 Loaded file C:\USERS\VINAY\DESKTOP\DESKTOP\PCB WORK\NI2 LIBRARIES\NI2.LLB
Mon Mar 04 21:54:28 Loaded file C:\ORCAD\ORCAD_16.0\TOOLS\LAYOUT_ENG_ED\library\BCON100T.llb
Mon Mar 04 21:54:28 Loaded file C:\ORCAD\ORCAD_16.0\TOOLS\LAYOUT_ENG_ED\library\BCON156T.llb
Mon Mar 04 21:54:28 Loaded file C:\ORCAD\ORCAD_16.0\TOOLS\LAYOUT_ENG_ED\library\BGA.llb
Mon Mar 04 21:54:28 Loaded file C:\ORCAD\ORCAD_16.0\TOOLS\LAYOUT_ENG_ED\library\CLCC.llb
Mon Mar 04 21:54:28 Loaded file C:\ORCAD\ORCAD_16.0\TOOLS\LAYOUT_ENG_ED\library\DCON050T.llb
Mon Mar 04 21:54:28 Loaded file C:\ORCAD\ORCAD_16.0\TOOLS\LAYOUT_ENG_ED\library\DCON085T.llb
Mon Mar 04 21:54:28 Loaded file C:\ORCAD\ORCAD_16.0\TOOLS\LAYOUT_ENG_ED\library\DIMM050F.llb
Mon Mar 04 21:54:28 Loaded file C:\ORCAD\ORCAD_16.0\TOOLS\LAYOUT_ENG_ED\library\DIMM050T.llb
Mon Mar 04 21:54:28 Loaded file C:\ORCAD\ORCAD_16.0\TOOLS\LAYOUT_ENG_ED\library\DIN.llb
Mon Mar 04 21:54:28 Loaded file C:\ORCAD\ORCAD_16.0\TOOLS\LAYOUT_ENG_ED\library\DIP100B.llb
Mon Mar 04 21:54:28 Loaded file C:\ORCAD\ORCAD_16.0\TOOLS\LAYOUT_ENG_ED\library\DIP100T.llb
Mon Mar 04 21:54:28 Loaded file C:\ORCAD\ORCAD_16.0\TOOLS\LAYOUT_ENG_ED\library\DSUBT.llb
Mon Mar 04 21:54:28 Loaded file C:\ORCAD\ORCAD_16.0\TOOLS\LAYOUT_ENG_ED\library\DSUBT_HD.LLB
Mon Mar 04 21:54:28 Loaded file C:\ORCAD\ORCAD_16.0\TOOLS\LAYOUT_ENG_ED\library\ECON100T.llb
Mon Mar 04 21:54:28 Loaded file C:\ORCAD\ORCAD_16.0\TOOLS\LAYOUT_ENG_ED\library\FBUS.llb
Mon Mar 04 21:54:28 Loaded file C:\ORCAD\ORCAD_16.0\TOOLS\LAYOUT_ENG_ED\library\ISA.llb
Mon Mar 04 21:54:28 Loaded file C:\ORCAD\ORCAD_16.0\TOOLS\LAYOUT_ENG_ED\library\JUMPER.LLB
Mon Mar 04 21:54:28 Loaded file C:\ORCAD\ORCAD_16.0\TOOLS\LAYOUT_ENG_ED\library\LAYOUT.llb
Mon Mar 04 21:54:28 Loaded file C:\ORCAD\ORCAD_16.0\TOOLS\LAYOUT_ENG_ED\library\LCON100T.llb
Mon Mar 04 21:54:28 Loaded file C:\ORCAD\ORCAD_16.0\TOOLS\LAYOUT_ENG_ED\library\PC104.llb
Mon Mar 04 21:54:28 Loaded file C:\ORCAD\ORCAD_16.0\TOOLS\LAYOUT_ENG_ED\library\PCI.llb
Mon Mar 04 21:54:28 Loaded file C:\ORCAD\ORCAD_16.0\TOOLS\LAYOUT_ENG_ED\library\PCON100T.llb
Mon Mar 04 21:54:28 Loaded file C:\ORCAD\ORCAD_16.0\TOOLS\LAYOUT_ENG_ED\library\PCON156T.llb
Mon Mar 04 21:54:28 Loaded file C:\ORCAD\ORCAD_16.0\TOOLS\LAYOUT_ENG_ED\library\PGA.llb
Mon Mar 04 21:54:28 Loaded file C:\ORCAD\ORCAD_16.0\TOOLS\LAYOUT_ENG_ED\library\PLCC.llb
Mon Mar 04 21:54:28 Loaded file C:\ORCAD\ORCAD_16.0\TOOLS\LAYOUT_ENG_ED\library\QUAD.llb
Mon Mar 04 21:54:28 Loaded file C:\ORCAD\ORCAD_16.0\TOOLS\LAYOUT_ENG_ED\library\QUADB.llb
Mon Mar 04 21:54:28 Loaded file C:\ORCAD\ORCAD_16.0\TOOLS\LAYOUT_ENG_ED\library\RELAY.llb
Mon Mar 04 21:54:28 Loaded file C:\ORCAD\ORCAD_16.0\TOOLS\LAYOUT_ENG_ED\library\RF.llb
Mon Mar 04 21:54:28 Loaded file C:\ORCAD\ORCAD_16.0\TOOLS\LAYOUT_ENG_ED\library\SBUS.llb
Mon Mar 04 21:54:28 Loaded file C:\ORCAD\ORCAD_16.0\TOOLS\LAYOUT_ENG_ED\library\SIMM050F.llb
Mon Mar 04 21:54:28 Loaded file C:\ORCAD\ORCAD_16.0\TOOLS\LAYOUT_ENG_ED\library\SIMM050T.llb
Mon Mar 04 21:54:29 Loaded file C:\ORCAD\ORCAD_16.0\TOOLS\LAYOUT_ENG_ED\library\SIMM100F.llb
Mon Mar 04 21:54:29 Loaded file C:\ORCAD\ORCAD_16.0\TOOLS\LAYOUT_ENG_ED\library\SIMM100T.llb
Mon Mar 04 21:54:29 Loaded file C:\ORCAD\ORCAD_16.0\TOOLS\LAYOUT_ENG_ED\library\SIP.llb
Mon Mar 04 21:54:29 Loaded file C:\ORCAD\ORCAD_16.0\TOOLS\LAYOUT_ENG_ED\library\SM.llb
Mon Mar 04 21:54:29 Loaded file C:\ORCAD\ORCAD_16.0\TOOLS\LAYOUT_ENG_ED\library\SOG.llb
Mon Mar 04 21:54:29 Loaded file C:\ORCAD\ORCAD_16.0\TOOLS\LAYOUT_ENG_ED\library\SOJ.llb
Mon Mar 04 21:54:29 Loaded file C:\ORCAD\ORCAD_16.0\TOOLS\LAYOUT_ENG_ED\library\STIFF.llb
Mon Mar 04 21:54:29 Loaded file C:\ORCAD\ORCAD_16.0\TOOLS\LAYOUT_ENG_ED\library\TELE.llb
Mon Mar 04 21:54:29 Loaded file C:\ORCAD\ORCAD_16.0\TOOLS\LAYOUT_ENG_ED\library\TM_AXIAL.llb
Mon Mar 04 21:54:29 Loaded file C:\ORCAD\ORCAD_16.0\TOOLS\LAYOUT_ENG_ED\library\TM_CAP_P.llb
Mon Mar 04 21:54:29 Loaded file C:\ORCAD\ORCAD_16.0\TOOLS\LAYOUT_ENG_ED\library\TM_CYLND.llb
Mon Mar 04 21:54:29 Loaded file C:\ORCAD\ORCAD_16.0\TOOLS\LAYOUT_ENG_ED\library\TM_DIODE.llb
Mon Mar 04 21:54:29 Loaded file C:\ORCAD\ORCAD_16.0\TOOLS\LAYOUT_ENG_ED\library\TM_DISC.llb
Mon Mar 04 21:54:29 Loaded file C:\ORCAD\ORCAD_16.0\TOOLS\LAYOUT_ENG_ED\library\TM_RAD.llb
Mon Mar 04 21:54:29 Loaded file C:\ORCAD\ORCAD_16.0\TOOLS\LAYOUT_ENG_ED\library\TO.llb
Mon Mar 04 21:54:29 Loaded file C:\ORCAD\ORCAD_16.0\TOOLS\LAYOUT_ENG_ED\library\TRAINING.LLB
Mon Mar 04 21:54:29 Loaded file C:\ORCAD\ORCAD_16.0\TOOLS\LAYOUT_ENG_ED\library\VRES.llb
Mon Mar 04 21:54:29 Loaded file C:\ORCAD\ORCAD_16.0\TOOLS\LAYOUT_ENG_ED\library\WCON100T.llb
Mon Mar 04 21:54:29 Loaded file C:\ORCAD\ORCAD_16.0\TOOLS\LAYOUT_ENG_ED\library\XT.llb
Mon Mar 04 21:54:29 Loaded file C:\ORCAD\ORCAD_16.0\TOOLS\LAYOUT_ENG_ED\library\ZIGZAG.llb
Mon Mar 04 21:54:29 Loaded file C:\USERS\VINAY\DESKTOP\DESKTOP\PCB WORK\NI2 LIBRARIES\NI2.LLB
Mon Mar 04 21:54:30 Loaded file C:\ORCAD\ORCAD_16.0\TOOLS\LAYOUT_ENG_ED\data\template.imp
Mon Mar 04 21:54:30 Loaded file C:\ORCAD\ORCAD_16.0\TOOLS\LAYOUT_ENG_ED\data\template.imp
Mon Mar 04 21:54:31 Loaded file C:\USERS\VINAY\DESKTOP\DESKTOP\PCB WORK\NI2 LIBRARIES\NI2.LLB
Mon Mar 04 21:54:36 Loaded file C:\ORCAD\ORCAD_16.0\TOOLS\LAYOUT_ENG_ED\data\template.imp
Mon Mar 04 21:54:37 Loaded file C:\USERS\VINAY\DESKTOP\DESKTOP\PCB WORK\NI2 LIBRARIES\NI2.LLB
Mon Mar 04 21:54:39 Loaded file C:\ORCAD\ORCAD_16.0\TOOLS\LAYOUT_ENG_ED\data\template.imp
Mon Mar 04 21:54:39 Loaded file C:\ORCAD\ORCAD_16.0\TOOLS\LAYOUT_ENG_ED\data\template.imp
Mon Mar 04 21:54:40 Loaded file C:\USERS\VINAY\DESKTOP\DESKTOP\PCB WORK\NI2 LIBRARIES\NI2.LLB
Mon Mar 04 21:54:42 Loaded file C:\ORCAD\ORCAD_16.0\TOOLS\LAYOUT_ENG_ED\data\template.imp
Mon Mar 04 21:54:43 Loaded file C:\USERS\VINAY\DESKTOP\DESKTOP\PCB WORK\NI2 LIBRARIES\NI2.LLB
Mon Mar 04 21:54:44 Loaded file C:\ORCAD\ORCAD_16.0\TOOLS\LAYOUT_ENG_ED\data\template.imp
Mon Mar 04 21:54:44 Loaded file C:\ORCAD\ORCAD_16.0\TOOLS\LAYOUT_ENG_ED\data\template.imp
Mon Mar 04 21:54:45 Loaded file C:\USERS\VINAY\DESKTOP\DESKTOP\PCB WORK\NI2 LIBRARIES\NI2.LLB
Mon Mar 04 21:54:49 Loaded file C:\ORCAD\ORCAD_16.0\TOOLS\LAYOUT_ENG_ED\data\template.imp
Mon Mar 04 21:54:56 Loaded file C:\ORCAD\ORCAD_16.0\TOOLS\LAYOUT_ENG_ED\data\template.imp
Mon Mar 04 21:54:56 Loaded file C:\USERS\VINAY\DESKTOP\DESKTOP\PCB WORK\NI2 LIBRARIES\NI2.LLB
Mon Mar 04 21:54:58 Loaded file C:\ORCAD\ORCAD_16.0\TOOLS\LAYOUT_ENG_ED\data\template.imp
Mon Mar 04 21:54:58 Loaded file C:\ORCAD\ORCAD_16.0\TOOLS\LAYOUT_ENG_ED\data\template.imp
Mon Mar 04 21:54:59 Loaded file C:\ORCAD\ORCAD_16.0\TOOLS\LAYOUT_ENG_ED\library\BCON100T.llb
Mon Mar 04 21:54:59 Loaded file C:\USERS\VINAY\DESKTOP\DESKTOP\PCB WORK\NI2 LIBRARIES\NI2.LLB
Mon Mar 04 21:55:04 Loaded file C:\ORCAD\ORCAD_16.0\TOOLS\LAYOUT_ENG_ED\data\template.imp
Mon Mar 04 21:55:13 Loaded file C:\ORCAD\ORCAD_16.0\TOOLS\LAYOUT_ENG_ED\data\template.imp
Mon Mar 04 21:55:14 Loaded file C:\ORCAD\ORCAD_16.0\TOOLS\LAYOUT_ENG_ED\data\template.imp
Mon Mar 04 21:55:14 Loaded file C:\ORCAD\ORCAD_16.0\TOOLS\LAYOUT_ENG_ED\data\template.imp
Mon Mar 04 21:55:16 Loaded file C:\ORCAD\ORCAD_16.0\TOOLS\LAYOUT_ENG_ED\data\template.imp
Mon Mar 04 21:55:17 Loaded file C:\USERS\VINAY\DESKTOP\DESKTOP\PCB WORK\NI2 LIBRARIES\NI2.LLB
Mon Mar 04 21:55:19 Loaded file C:\ORCAD\ORCAD_16.0\TOOLS\LAYOUT_ENG_ED\data\template.imp
Mon Mar 04 21:55:19 Loaded file C:\ORCAD\ORCAD_16.0\TOOLS\LAYOUT_ENG_ED\data\template.imp
Mon Mar 04 21:55:20 Loaded file C:\USERS\VINAY\DESKTOP\DESKTOP\PCB WORK\NI2 LIBRARIES\NI2.LLB
Mon Mar 04 21:55:25 Loaded file C:\ORCAD\ORCAD_16.0\TOOLS\LAYOUT_ENG_ED\data\template.imp
Mon Mar 04 21:55:26 Loaded file C:\ORCAD\ORCAD_16.0\TOOLS\LAYOUT_ENG_ED\data\template.imp
Mon Mar 04 21:55:27 Loaded file C:\USERS\VINAY\DESKTOP\DESKTOP\PCB WORK\NI2 LIBRARIES\NI2.LLB
Mon Mar 04 21:55:28 Saved as file D:\VINAY\PROJECTS\AGRO - IOT SENSOR PROJECT\PCB_LWS-V1\PCB_LWS-V1-1.MAX
Mon Mar 04 21:55:29 Loaded file D:\VINAY\PROJECTS\AGRO - IOT SENSOR PROJECT\PCB_LWS-V1\PCB_LWS-V1-1.MAX
Mon Mar 04 21:55:37 Saved as file ~undo.max
Mon Mar 04 21:55:47 Saved as file ~undo.max
Mon Mar 04 21:55:54 Saved as file ~undo.max
Mon Mar 04 21:55:59 Saved as file ~undo.max
Mon Mar 04 21:56:03 Saved as file ~undo.max
Mon Mar 04 21:56:10 Saved as file ~undo.max
Mon Mar 04 21:56:12 Saved as file ~undo.max
Mon Mar 04 21:56:16 Saved as file ~undo.max
Mon Mar 04 21:56:18 Saved as file ~undo.max
Mon Mar 04 21:56:20 Saved as file ~undo.max
Mon Mar 04 21:56:25 Saved as file ~undo.max
Mon Mar 04 21:56:27 Saved as file ~undo.max
Mon Mar 04 21:56:31 Saved as file ~undo.max
Mon Mar 04 21:56:33 Saved as file ~undo.max
Mon Mar 04 21:56:36 Saved as file ~undo.max
Mon Mar 04 21:56:39 Saved as file ~undo.max
Mon Mar 04 21:56:43 Saved as file ~undo.max
Mon Mar 04 21:56:44 Saved as file ~undo.max
Mon Mar 04 21:56:48 Saved as file ~undo.max
Mon Mar 04 21:56:51 Saved as file ~undo.max
Mon Mar 04 21:56:54 Saved as file ~undo.max
Mon Mar 04 21:56:56 Saved as file ~undo.max
Mon Mar 04 21:56:58 Saved as file ~undo.max
Mon Mar 04 21:57:01 Saved as file ~undo.max
Mon Mar 04 21:57:05 Saved as file ~undo.max
Mon Mar 04 21:57:08 Saved as file ~undo.max
Mon Mar 04 21:57:14 Saved as file ~undo.max
Mon Mar 04 21:57:17 Saved as file ~undo.max
Mon Mar 04 21:57:25 Saved as file ~undo.max
Mon Mar 04 21:57:32 Saved as file ~undo.max
Mon Mar 04 21:57:35 Saved as file ~undo.max
Mon Mar 04 21:57:38 Saved as file D:\VINAY\PROJECTS\AGRO - IOT SENSOR PROJECT\PCB_LWS-V1\PCB_LWS-V1-1.MAX
Mon Mar 04 21:57:42 Loaded file C:\OrCAD\OrCAD_16.0\tools\Layout_Eng_Ed\data\template.imp
Mon Mar 04 21:57:43 Loaded file C:\OrCAD\OrCAD_16.0\tools\Layout_Eng_Ed\data\template.imp
Mon Mar 04 21:57:44 Loaded file C:\USERS\VINAY\DESKTOP\DESKTOP\PCB WORK\NI2 LIBRARIES\NI2.LLB
Mon Mar 04 21:57:49 Loaded file C:\OrCAD\OrCAD_16.0\tools\Layout_Eng_Ed\data\template.imp
Mon Mar 04 21:57:55 Loaded file C:\USERS\VINAY\DESKTOP\DESKTOP\PCB WORK\NI2 LIBRARIES\NI2.LLB
Mon Mar 04 21:57:55 Saved as file C:\USERS\VINAY\DESKTOP\DESKTOP\PCB WORK\NI2 LIBRARIES\NI2.LLB
Mon Mar 04 21:57:55 Loaded file C:\USERS\VINAY\DESKTOP\DESKTOP\PCB WORK\NI2 LIBRARIES\NI2.LLB
Mon Mar 04 21:57:59 Loaded file C:\OrCAD\OrCAD_16.0\tools\Layout_Eng_Ed\data\template.imp
Mon Mar 04 21:58:00 Loaded file C:\OrCAD\OrCAD_16.0\tools\Layout_Eng_Ed\data\template.imp
Mon Mar 04 21:58:06 Saved as file C:\OrCAD\OrCAD_16.0\tools\Layout_Eng_Ed\data\template.imp
Mon Mar 04 21:58:10 Saved as file C:\OrCAD\OrCAD_16.0\tools\Layout_Eng_Ed\data\template.imp
Mon Mar 04 22:09:39 Loaded file C:\OrCAD\OrCAD_16.0\tools\Layout_Eng_Ed\library\padstack.llb
Mon Mar 04 22:09:44 Loaded file C:\OrCAD\OrCAD_16.0\tools\Layout_Eng_Ed\library\padstack.llb
Mon Mar 04 22:09:57 Loaded file C:\OrCAD\OrCAD_16.0\tools\Layout_Eng_Ed\library\padstack.llb
Mon Mar 04 22:11:25 Loaded file C:\OrCAD\OrCAD_16.0\tools\Layout_Eng_Ed\library\padstack.llb
Mon Mar 04 22:18:14 Loaded file C:\USERS\VINAY\DESKTOP\DESKTOP\PCB WORK\NI2 LIBRARIES\NI2.LLB
Mon Mar 04 22:18:14 Saved as file C:\USERS\VINAY\DESKTOP\DESKTOP\PCB WORK\NI2 LIBRARIES\NI2.LLB
Mon Mar 04 22:18:14 Loaded file C:\USERS\VINAY\DESKTOP\DESKTOP\PCB WORK\NI2 LIBRARIES\NI2.LLB
Mon Mar 04 22:20:50 Loaded file C:\USERS\VINAY\DESKTOP\DESKTOP\PCB WORK\NI2 LIBRARIES\NI2.LLB
Mon Mar 04 22:20:50 Saved as file C:\USERS\VINAY\DESKTOP\DESKTOP\PCB WORK\NI2 LIBRARIES\NI2.LLB
Mon Mar 04 22:20:50 Loaded file C:\USERS\VINAY\DESKTOP\DESKTOP\PCB WORK\NI2 LIBRARIES\NI2.LLB
Mon Mar 04 22:20:53 Saved as file BACKUP1.MAX
Mon Mar 04 22:20:55 Loaded file C:\OrCAD\OrCAD_16.0\tools\Layout_Eng_Ed\data\template.imp
Mon Mar 04 22:20:55 Loaded file C:\OrCAD\OrCAD_16.0\tools\Layout_Eng_Ed\data\template.imp
Mon Mar 04 22:20:55 Loaded file C:\OrCAD\OrCAD_16.0\tools\Layout_Eng_Ed\data\template.imp
Mon Mar 04 22:20:55 Loaded file C:\OrCAD\OrCAD_16.0\tools\Layout_Eng_Ed\data\template.imp
Mon Mar 04 22:20:56 Loaded file C:\USERS\VINAY\DESKTOP\DESKTOP\PCB WORK\NI2 LIBRARIES\NI2.LLB
Mon Mar 04 22:21:01 Loaded file C:\OrCAD\OrCAD_16.0\tools\Layout_Eng_Ed\data\template.imp
Mon Mar 04 22:21:04 Saved as file ~undo.max
Mon Mar 04 22:21:09 Saved as file ~undo.max
Mon Mar 04 22:21:16 Saved as file ~undo.max
Mon Mar 04 22:21:41 Saved as file D:\VINAY\PROJECTS\AGRO - IOT SENSOR PROJECT\PCB_LWS-V1\PCB_LWS-V1-1.MAX
Mon Mar 04 22:27:58 Saved as file ~undo.max
Mon Mar 04 22:28:07 Saved as file ~undo.max
Mon Mar 04 22:28:09 Saved as file ~undo.max
Mon Mar 04 22:28:15 Saved as file ~undo.max
Mon Mar 04 22:28:18 Saved as file ~undo.max
Mon Mar 04 22:28:22 Saved as file ~undo.max
Mon Mar 04 22:28:24 Saved as file ~undo.max
Mon Mar 04 22:30:18 Saved as file D:\VINAY\PROJECTS\AGRO - IOT SENSOR PROJECT\PCB_LWS-V1\PCB_LWS-V1-1.MAX
Mon Mar 04 22:35:04 Saved as file ~undo.max
Mon Mar 04 22:35:06 Loaded file C:\OrCAD\OrCAD_16.0\tools\Layout_Eng_Ed\data\template.imp
Mon Mar 04 22:35:06 Loaded file C:\OrCAD\OrCAD_16.0\tools\Layout_Eng_Ed\data\template.imp
Mon Mar 04 22:35:06 Loaded file C:\OrCAD\OrCAD_16.0\tools\Layout_Eng_Ed\data\template.imp
Mon Mar 04 22:35:06 Loaded file C:\OrCAD\OrCAD_16.0\tools\Layout_Eng_Ed\data\template.imp
Mon Mar 04 22:35:07 Loaded file C:\USERS\VINAY\DESKTOP\DESKTOP\PCB WORK\NI2 LIBRARIES\NI2.LLB
Mon Mar 04 22:35:10 Loaded file C:\OrCAD\OrCAD_16.0\tools\Layout_Eng_Ed\data\template.imp
Mon Mar 04 22:35:13 Saved as file ~undo.max
Mon Mar 04 22:35:26 Saved as file ~undo.max
Mon Mar 04 22:35:41 Saved as file ~undo.max
Mon Mar 04 22:35:49 Saved as file ~undo.max
Mon Mar 04 22:35:52 Saved as file ~undo.max
Mon Mar 04 22:35:56 Saved as file ~undo.max
Mon Mar 04 22:36:04 Saved as file ~undo.max
Mon Mar 04 22:36:13 Saved as file ~undo.max
Mon Mar 04 22:36:20 Saved as file ~undo.max
Mon Mar 04 22:36:23 Saved as file ~undo.max
Mon Mar 04 22:36:30 Saved as file ~undo.max
Mon Mar 04 22:36:32 Saved as file ~undo.max
Mon Mar 04 22:36:35 Saved as file ~undo.max
Mon Mar 04 22:36:39 Saved as file ~undo.max
Mon Mar 04 22:36:49 Saved as file ~undo.max
Mon Mar 04 22:36:59 Saved as file ~undo.max
Mon Mar 04 22:37:02 Saved as file ~undo.max
Mon Mar 04 22:37:05 Saved as file ~undo.max
Mon Mar 04 22:37:13 Saved as file ~undo.max
Mon Mar 04 22:37:15 Saved as file ~undo.max
Mon Mar 04 22:37:20 Saved as file ~undo.max
Mon Mar 04 22:37:25 Saved as file ~undo.max
Mon Mar 04 22:37:30 Saved as file ~undo.max
Mon Mar 04 22:37:33 Saved as file ~undo.max
Mon Mar 04 22:37:38 Saved as file ~undo.max
Mon Mar 04 22:37:46 Saved as file ~undo.max
Mon Mar 04 22:37:53 Saved as file ~undo.max
Mon Mar 04 22:37:57 Saved as file ~undo.max
Mon Mar 04 22:38:07 Saved as file ~undo.max
Mon Mar 04 22:40:07 Saved as file ~undo.max
Mon Mar 04 22:40:10 Saved as file ~undo.max
Mon Mar 04 22:40:28 Saved as file ~undo.max
Mon Mar 04 22:40:38 Saved as file ~undo.max
Mon Mar 04 22:40:44 Saved as file ~undo.max
Mon Mar 04 22:41:07 Saved as file ~undo.max
Mon Mar 04 22:41:08 Saved as file ~undo.max
Mon Mar 04 22:41:14 Saved as file ~undo.max
Mon Mar 04 22:41:17 Saved as file ~undo.max
Mon Mar 04 22:41:21 Saved as file ~undo.max
Mon Mar 04 22:41:23 Saved as file ~undo.max
Mon Mar 04 22:41:33 Saved as file ~undo.max
Mon Mar 04 22:41:41 Saved as file ~undo.max
Mon Mar 04 22:41:49 Saved as file ~undo.max
Mon Mar 04 22:41:57 Saved as file ~undo.max
Mon Mar 04 22:42:12 Saved as file ~undo.max
Mon Mar 04 22:42:25 Saved as file ~undo.max
Mon Mar 04 22:42:28 Saved as file ~undo.max
Mon Mar 04 22:42:31 Saved as file ~undo.max
Mon Mar 04 22:43:16 Saved as file D:\VINAY\PROJECTS\AGRO - IOT SENSOR PROJECT\PCB_LWS-V1\PCB_LWS-V1-1.MAX
Mon Mar 04 22:43:38 Saved as file D:\VINAY\PROJECTS\AGRO - IOT SENSOR PROJECT\PCB_LWS-V1\PCB_LWS-V1-1.MAX
Mon Mar 04 22:44:48 Saved as file ~undo.max
Mon Mar 04 22:44:57 Saved as file BACKUP1.MAX
Mon Mar 04 22:45:46 Saved as file ~undo.max
Mon Mar 04 22:45:58 Saved as file ~undo.max
Mon Mar 04 22:46:51 Saved as file ~undo.max
Mon Mar 04 22:47:32 Saved as file ~undo.max
Mon Mar 04 22:47:41 Saved as file ~undo.max
Mon Mar 04 22:47:48 Saved as file ~undo.max
Mon Mar 04 22:47:53 Saved as file ~undo.max
Mon Mar 04 22:48:41 Saved as file ~undo.max
Mon Mar 04 22:49:09 Saved as file ~undo.max
Mon Mar 04 22:49:27 Saved as file ~undo.max
Mon Mar 04 22:49:42 Saved as file ~undo.max
Mon Mar 04 22:50:47 Saved as file D:\VINAY\PROJECTS\AGRO - IOT SENSOR PROJECT\PCB_LWS-V1\PCB_LWS-V1-1.MAX
Mon Mar 04 22:51:08 Saved as file ~undo.max
Mon Mar 04 22:51:12 Saved as file ~undo.max
Mon Mar 04 22:51:17 Saved as file ~undo.max
Mon Mar 04 22:51:20 Saved as file ~undo.max
Mon Mar 04 22:51:25 Saved as file ~undo.max
Mon Mar 04 22:51:33 Saved as file ~undo.max
Mon Mar 04 22:51:37 Saved as file ~undo.max
Mon Mar 04 22:51:42 Saved as file ~undo.max
Mon Mar 04 22:51:48 Saved as file ~undo.max
Mon Mar 04 22:51:50 Saved as file ~undo.max
Mon Mar 04 22:51:58 Saved as file D:\VINAY\PROJECTS\AGRO - IOT SENSOR PROJECT\PCB_LWS-V1\PCB_LWS-V1-1.MAX
Mon Mar 04 23:13:47 Saved as file BACKUP1.MAX
Mon Mar 04 23:13:47 Saved as file D:\VINAY\PROJECTS\AGRO - IOT SENSOR PROJECT\PCB_LWS-V1\PCB_LWS-V1-1.MAX
Mon Mar 04 23:13:50 UserDiv from Layout.INI for AutoECO: 60
Mon Mar 04 23:13:50 Loaded file D:\VINAY\PROJECTS\AGRO - IOT SENSOR PROJECT\PCB_LWS-V1\PCB_LWS-V1-1.MAX
Mon Mar 04 23:13:50 Loaded file C:\USERS\VINAY\DESKTOP\DESKTOP\PCB WORK\NI2 LIBRARIES\NI2.LLB
Mon Mar 04 23:13:50 Loaded file C:\ORCAD\ORCAD_16.0\TOOLS\LAYOUT_ENG_ED\library\BCON100T.llb
Mon Mar 04 23:13:50 Loaded file C:\ORCAD\ORCAD_16.0\TOOLS\LAYOUT_ENG_ED\library\BCON156T.llb
Mon Mar 04 23:13:50 Loaded file C:\ORCAD\ORCAD_16.0\TOOLS\LAYOUT_ENG_ED\library\BGA.llb
Mon Mar 04 23:13:50 Loaded file C:\ORCAD\ORCAD_16.0\TOOLS\LAYOUT_ENG_ED\library\CLCC.llb
Mon Mar 04 23:13:50 Loaded file C:\ORCAD\ORCAD_16.0\TOOLS\LAYOUT_ENG_ED\library\DCON050T.llb
Mon Mar 04 23:13:50 Loaded file C:\ORCAD\ORCAD_16.0\TOOLS\LAYOUT_ENG_ED\library\DCON085T.llb
Mon Mar 04 23:13:50 Loaded file C:\ORCAD\ORCAD_16.0\TOOLS\LAYOUT_ENG_ED\library\DIMM050F.llb
Mon Mar 04 23:13:50 Loaded file C:\ORCAD\ORCAD_16.0\TOOLS\LAYOUT_ENG_ED\library\DIMM050T.llb
Mon Mar 04 23:13:50 Loaded file C:\ORCAD\ORCAD_16.0\TOOLS\LAYOUT_ENG_ED\library\DIN.llb
Mon Mar 04 23:13:50 Loaded file C:\ORCAD\ORCAD_16.0\TOOLS\LAYOUT_ENG_ED\library\DIP100B.llb
Mon Mar 04 23:13:50 Loaded file C:\ORCAD\ORCAD_16.0\TOOLS\LAYOUT_ENG_ED\library\DIP100T.llb
Mon Mar 04 23:13:50 Loaded file C:\ORCAD\ORCAD_16.0\TOOLS\LAYOUT_ENG_ED\library\DSUBT.llb
Mon Mar 04 23:13:50 Loaded file C:\ORCAD\ORCAD_16.0\TOOLS\LAYOUT_ENG_ED\library\DSUBT_HD.LLB
Mon Mar 04 23:13:50 Loaded file C:\ORCAD\ORCAD_16.0\TOOLS\LAYOUT_ENG_ED\library\ECON100T.llb
Mon Mar 04 23:13:50 Loaded file C:\ORCAD\ORCAD_16.0\TOOLS\LAYOUT_ENG_ED\library\FBUS.llb
Mon Mar 04 23:13:50 Loaded file C:\ORCAD\ORCAD_16.0\TOOLS\LAYOUT_ENG_ED\library\ISA.llb
Mon Mar 04 23:13:50 Loaded file C:\ORCAD\ORCAD_16.0\TOOLS\LAYOUT_ENG_ED\library\JUMPER.LLB
Mon Mar 04 23:13:50 Loaded file C:\ORCAD\ORCAD_16.0\TOOLS\LAYOUT_ENG_ED\library\LAYOUT.llb
Mon Mar 04 23:13:50 Loaded file C:\ORCAD\ORCAD_16.0\TOOLS\LAYOUT_ENG_ED\library\LCON100T.llb
Mon Mar 04 23:13:50 Loaded file C:\ORCAD\ORCAD_16.0\TOOLS\LAYOUT_ENG_ED\library\PC104.llb
Mon Mar 04 23:13:50 Loaded file C:\ORCAD\ORCAD_16.0\TOOLS\LAYOUT_ENG_ED\library\PCI.llb
Mon Mar 04 23:13:50 Loaded file C:\ORCAD\ORCAD_16.0\TOOLS\LAYOUT_ENG_ED\library\PCON100T.llb
Mon Mar 04 23:13:50 Loaded file C:\ORCAD\ORCAD_16.0\TOOLS\LAYOUT_ENG_ED\library\PCON156T.llb
Mon Mar 04 23:13:50 Loaded file C:\ORCAD\ORCAD_16.0\TOOLS\LAYOUT_ENG_ED\library\PGA.llb
Mon Mar 04 23:13:51 Loaded file C:\ORCAD\ORCAD_16.0\TOOLS\LAYOUT_ENG_ED\library\PLCC.llb
Mon Mar 04 23:13:51 Loaded file C:\ORCAD\ORCAD_16.0\TOOLS\LAYOUT_ENG_ED\library\QUAD.llb
Mon Mar 04 23:13:51 Loaded file C:\ORCAD\ORCAD_16.0\TOOLS\LAYOUT_ENG_ED\library\QUADB.llb
Mon Mar 04 23:13:51 Loaded file C:\ORCAD\ORCAD_16.0\TOOLS\LAYOUT_ENG_ED\library\RELAY.llb
Mon Mar 04 23:13:51 Loaded file C:\ORCAD\ORCAD_16.0\TOOLS\LAYOUT_ENG_ED\library\RF.llb
Mon Mar 04 23:13:51 Loaded file C:\ORCAD\ORCAD_16.0\TOOLS\LAYOUT_ENG_ED\library\SBUS.llb
Mon Mar 04 23:13:51 Loaded file C:\ORCAD\ORCAD_16.0\TOOLS\LAYOUT_ENG_ED\library\SIMM050F.llb
Mon Mar 04 23:13:51 Loaded file C:\ORCAD\ORCAD_16.0\TOOLS\LAYOUT_ENG_ED\library\SIMM050T.llb
Mon Mar 04 23:13:51 Loaded file C:\ORCAD\ORCAD_16.0\TOOLS\LAYOUT_ENG_ED\library\SIMM100F.llb
Mon Mar 04 23:13:51 Loaded file C:\ORCAD\ORCAD_16.0\TOOLS\LAYOUT_ENG_ED\library\SIMM100T.llb
Mon Mar 04 23:13:51 Loaded file C:\ORCAD\ORCAD_16.0\TOOLS\LAYOUT_ENG_ED\library\SIP.llb
Mon Mar 04 23:13:51 Loaded file C:\ORCAD\ORCAD_16.0\TOOLS\LAYOUT_ENG_ED\library\SM.llb
Mon Mar 04 23:13:51 Loaded file C:\ORCAD\ORCAD_16.0\TOOLS\LAYOUT_ENG_ED\library\SOG.llb
Mon Mar 04 23:13:51 Loaded file C:\ORCAD\ORCAD_16.0\TOOLS\LAYOUT_ENG_ED\library\SOJ.llb
Mon Mar 04 23:13:51 Loaded file C:\ORCAD\ORCAD_16.0\TOOLS\LAYOUT_ENG_ED\library\STIFF.llb
Mon Mar 04 23:13:51 Loaded file C:\ORCAD\ORCAD_16.0\TOOLS\LAYOUT_ENG_ED\library\TELE.llb
Mon Mar 04 23:13:51 Loaded file C:\ORCAD\ORCAD_16.0\TOOLS\LAYOUT_ENG_ED\library\TM_AXIAL.llb
Mon Mar 04 23:13:51 Loaded file C:\ORCAD\ORCAD_16.0\TOOLS\LAYOUT_ENG_ED\library\TM_CAP_P.llb
Mon Mar 04 23:13:51 Loaded file C:\ORCAD\ORCAD_16.0\TOOLS\LAYOUT_ENG_ED\library\TM_CYLND.llb
Mon Mar 04 23:13:51 Loaded file C:\ORCAD\ORCAD_16.0\TOOLS\LAYOUT_ENG_ED\library\TM_DIODE.llb
Mon Mar 04 23:13:51 Loaded file C:\ORCAD\ORCAD_16.0\TOOLS\LAYOUT_ENG_ED\library\TM_DISC.llb
Mon Mar 04 23:13:51 Loaded file C:\ORCAD\ORCAD_16.0\TOOLS\LAYOUT_ENG_ED\library\TM_RAD.llb
Mon Mar 04 23:13:51 Loaded file C:\ORCAD\ORCAD_16.0\TOOLS\LAYOUT_ENG_ED\library\TO.llb
Mon Mar 04 23:13:51 Loaded file C:\ORCAD\ORCAD_16.0\TOOLS\LAYOUT_ENG_ED\library\TRAINING.LLB
Mon Mar 04 23:13:51 Loaded file C:\ORCAD\ORCAD_16.0\TOOLS\LAYOUT_ENG_ED\library\VRES.llb
Mon Mar 04 23:13:51 Loaded file C:\ORCAD\ORCAD_16.0\TOOLS\LAYOUT_ENG_ED\library\WCON100T.llb
Mon Mar 04 23:13:51 Loaded file C:\ORCAD\ORCAD_16.0\TOOLS\LAYOUT_ENG_ED\library\XT.llb
Mon Mar 04 23:13:51 Loaded file C:\ORCAD\ORCAD_16.0\TOOLS\LAYOUT_ENG_ED\library\ZIGZAG.llb
Mon Mar 04 23:13:53 Loaded file C:\ORCAD\ORCAD_16.0\TOOLS\LAYOUT_ENG_ED\data\template.imp
Mon Mar 04 23:13:53 Loaded file C:\ORCAD\ORCAD_16.0\TOOLS\LAYOUT_ENG_ED\data\template.imp
Mon Mar 04 23:13:54 Loaded file C:\USERS\VINAY\DESKTOP\DESKTOP\PCB WORK\NI2 LIBRARIES\NI2.LLB
Mon Mar 04 23:13:58 Loaded file C:\ORCAD\ORCAD_16.0\TOOLS\LAYOUT_ENG_ED\data\template.imp
Mon Mar 04 23:14:00 Loaded file C:\ORCAD\ORCAD_16.0\TOOLS\LAYOUT_ENG_ED\data\template.imp
Mon Mar 04 23:14:01 Loaded file C:\ORCAD\ORCAD_16.0\TOOLS\LAYOUT_ENG_ED\data\template.imp
Mon Mar 04 23:14:02 Loaded file C:\USERS\VINAY\DESKTOP\DESKTOP\PCB WORK\NI2 LIBRARIES\NI2.LLB
Mon Mar 04 23:14:03 Saved as file D:\VINAY\PROJECTS\AGRO - IOT SENSOR PROJECT\PCB_LWS-V1\PCB_LWS-V1-2.MAX
Mon Mar 04 23:14:03 Loaded file D:\VINAY\PROJECTS\AGRO - IOT SENSOR PROJECT\PCB_LWS-V1\PCB_LWS-V1-2.MAX
Mon Mar 04 23:14:15 Saved as file ~undo.max
Mon Mar 04 23:14:23 Saved as file ~undo.max
Mon Mar 04 23:14:25 Saved as file ~undo.max
Mon Mar 04 23:14:28 Saved as file ~undo.max
Mon Mar 04 23:14:30 Saved as file ~undo.max
Mon Mar 04 23:14:35 Saved as file ~undo.max
Mon Mar 04 23:14:38 Saved as file ~undo.max
Mon Mar 04 23:14:48 Saved as file ~undo.max
Mon Mar 04 23:14:57 Saved as file ~undo.max
Mon Mar 04 23:15:07 Saved as file ~undo.max
Mon Mar 04 23:15:13 Saved as file ~undo.max
Mon Mar 04 23:15:22 Saved as file ~undo.max
Mon Mar 04 23:15:38 Saved as file ~undo.max
Mon Mar 04 23:18:00 Saved as file ~undo.max
Mon Mar 04 23:18:05 Saved as file ~undo.max
Mon Mar 04 23:18:37 Saved as file ~undo.max
Mon Mar 04 23:19:03 Saved as file ~undo.max
Mon Mar 04 23:19:08 Saved as file ~undo.max
Mon Mar 04 23:19:11 Saved as file ~undo.max
Mon Mar 04 23:19:34 Saved as file ~undo.max
Mon Mar 04 23:19:38 Saved as file ~undo.max
Mon Mar 04 23:20:38 Saved as file ~undo.max
Mon Mar 04 23:20:44 Saved as file D:\VINAY\PROJECTS\AGRO - IOT SENSOR PROJECT\PCB_LWS-V1\PCB_LWS-V1-2.MAX
Mon Mar 04 23:22:18 Saved as file D:\VINAY\PROJECTS\AGRO - IOT SENSOR PROJECT\PCB_LWS-V1\PCB_LWS-V1-2.MAX
Mon Mar 04 23:22:22 Saved as file D:\VINAY\PROJECTS\AGRO - IOT SENSOR PROJECT\PCB_LWS-V1\PCB_LWS-V1-2.MAX
Mon Mar 04 23:23:17 Saved as file D:\VINAY\PROJECTS\AGRO - IOT SENSOR PROJECT\PCB_LWS-V1\PCB_LWS-V1-2.MAX
Tue Mar 05 15:46:37 Saved as file BACKUP1.MAX
Tue Mar 05 15:46:37 Saved as file F:\VINAY_SHARED\VINAY\AGRO - IOT SENSOR PROJECT\PCB_LWS-V1\PCB_LWS-V1.MAX
Tue Mar 05 15:46:42 UserDiv from Layout.INI for AutoECO: 60
Tue Mar 05 15:46:42 Loaded file F:\VINAY_SHARED\VINAY\AGRO - IOT SENSOR PROJECT\PCB_LWS-V1\PCB_LWS-V1.MAX
Tue Mar 05 15:46:42 Loaded file E:\NI LOGIC PVT. LTD\NI2 DESIGNS\NI2 LIBRARIES\NI2.LLB
Tue Mar 05 15:46:42 Loaded file C:\ORCAD\ORCAD_16.0\TOOLS\LAYOUT_ENG_ED\library\BCON100T.llb
Tue Mar 05 15:46:42 Loaded file C:\ORCAD\ORCAD_16.0\TOOLS\LAYOUT_ENG_ED\library\BCON156T.llb
Tue Mar 05 15:46:42 Loaded file C:\ORCAD\ORCAD_16.0\TOOLS\LAYOUT_ENG_ED\library\BGA.llb
Tue Mar 05 15:46:42 Loaded file C:\ORCAD\ORCAD_16.0\TOOLS\LAYOUT_ENG_ED\library\CLCC.llb
Tue Mar 05 15:46:42 Loaded file C:\ORCAD\ORCAD_16.0\TOOLS\LAYOUT_ENG_ED\library\DCON050T.llb
Tue Mar 05 15:46:42 Loaded file C:\ORCAD\ORCAD_16.0\TOOLS\LAYOUT_ENG_ED\library\DCON085T.llb
Tue Mar 05 15:46:42 Loaded file C:\ORCAD\ORCAD_16.0\TOOLS\LAYOUT_ENG_ED\library\DIMM050F.llb
Tue Mar 05 15:46:42 Loaded file C:\ORCAD\ORCAD_16.0\TOOLS\LAYOUT_ENG_ED\library\DIMM050T.llb
Tue Mar 05 15:46:42 Loaded file C:\ORCAD\ORCAD_16.0\TOOLS\LAYOUT_ENG_ED\library\DIN.llb
Tue Mar 05 15:46:42 Loaded file C:\ORCAD\ORCAD_16.0\TOOLS\LAYOUT_ENG_ED\library\DIP100B.llb
Tue Mar 05 15:46:42 Loaded file C:\ORCAD\ORCAD_16.0\TOOLS\LAYOUT_ENG_ED\library\DIP100T.llb
Tue Mar 05 15:46:42 Loaded file C:\ORCAD\ORCAD_16.0\TOOLS\LAYOUT_ENG_ED\library\DSUBT.llb
Tue Mar 05 15:46:42 Loaded file C:\ORCAD\ORCAD_16.0\TOOLS\LAYOUT_ENG_ED\library\DSUBT_HD.LLB
Tue Mar 05 15:46:42 Loaded file C:\ORCAD\ORCAD_16.0\TOOLS\LAYOUT_ENG_ED\library\ECON100T.llb
Tue Mar 05 15:46:42 Loaded file C:\ORCAD\ORCAD_16.0\TOOLS\LAYOUT_ENG_ED\library\FBUS.llb
Tue Mar 05 15:46:42 Loaded file C:\ORCAD\ORCAD_16.0\TOOLS\LAYOUT_ENG_ED\library\ISA.llb
Tue Mar 05 15:46:42 Loaded file C:\ORCAD\ORCAD_16.0\TOOLS\LAYOUT_ENG_ED\library\JUMPER.LLB
Tue Mar 05 15:46:42 Loaded file C:\ORCAD\ORCAD_16.0\TOOLS\LAYOUT_ENG_ED\library\LAYOUT.llb
Tue Mar 05 15:46:42 Loaded file C:\ORCAD\ORCAD_16.0\TOOLS\LAYOUT_ENG_ED\library\LCON100T.llb
Tue Mar 05 15:46:42 Loaded file C:\ORCAD\ORCAD_16.0\TOOLS\LAYOUT_ENG_ED\library\PC104.llb
Tue Mar 05 15:46:42 Loaded file C:\ORCAD\ORCAD_16.0\TOOLS\LAYOUT_ENG_ED\library\PCI.llb
Tue Mar 05 15:46:42 Loaded file C:\ORCAD\ORCAD_16.0\TOOLS\LAYOUT_ENG_ED\library\PCON100T.llb
Tue Mar 05 15:46:42 Loaded file C:\ORCAD\ORCAD_16.0\TOOLS\LAYOUT_ENG_ED\library\PCON156T.llb
Tue Mar 05 15:46:42 Loaded file C:\ORCAD\ORCAD_16.0\TOOLS\LAYOUT_ENG_ED\library\PGA.llb
Tue Mar 05 15:46:42 Loaded file C:\ORCAD\ORCAD_16.0\TOOLS\LAYOUT_ENG_ED\library\PLCC.llb
Tue Mar 05 15:46:42 Loaded file C:\ORCAD\ORCAD_16.0\TOOLS\LAYOUT_ENG_ED\library\QUAD.llb
Tue Mar 05 15:46:42 Loaded file C:\ORCAD\ORCAD_16.0\TOOLS\LAYOUT_ENG_ED\library\QUADB.llb
Tue Mar 05 15:46:42 Loaded file C:\ORCAD\ORCAD_16.0\TOOLS\LAYOUT_ENG_ED\library\RELAY.llb
Tue Mar 05 15:46:42 Loaded file C:\ORCAD\ORCAD_16.0\TOOLS\LAYOUT_ENG_ED\library\RF.llb
Tue Mar 05 15:46:42 Loaded file C:\ORCAD\ORCAD_16.0\TOOLS\LAYOUT_ENG_ED\library\SBUS.llb
Tue Mar 05 15:46:42 Loaded file C:\ORCAD\ORCAD_16.0\TOOLS\LAYOUT_ENG_ED\library\SIMM050F.llb
Tue Mar 05 15:46:42 Loaded file C:\ORCAD\ORCAD_16.0\TOOLS\LAYOUT_ENG_ED\library\SIMM050T.llb
Tue Mar 05 15:46:42 Loaded file C:\ORCAD\ORCAD_16.0\TOOLS\LAYOUT_ENG_ED\library\SIMM100F.llb
Tue Mar 05 15:46:42 Loaded file C:\ORCAD\ORCAD_16.0\TOOLS\LAYOUT_ENG_ED\library\SIMM100T.llb
Tue Mar 05 15:46:42 Loaded file C:\ORCAD\ORCAD_16.0\TOOLS\LAYOUT_ENG_ED\library\SIP.llb
Tue Mar 05 15:46:42 Loaded file C:\ORCAD\ORCAD_16.0\TOOLS\LAYOUT_ENG_ED\library\SM.llb
Tue Mar 05 15:46:42 Loaded file C:\ORCAD\ORCAD_16.0\TOOLS\LAYOUT_ENG_ED\library\SOG.llb
Tue Mar 05 15:46:42 Loaded file C:\ORCAD\ORCAD_16.0\TOOLS\LAYOUT_ENG_ED\library\SOJ.llb
Tue Mar 05 15:46:42 Loaded file C:\ORCAD\ORCAD_16.0\TOOLS\LAYOUT_ENG_ED\library\STIFF.llb
Tue Mar 05 15:46:42 Loaded file C:\ORCAD\ORCAD_16.0\TOOLS\LAYOUT_ENG_ED\library\TELE.llb
Tue Mar 05 15:46:42 Loaded file C:\ORCAD\ORCAD_16.0\TOOLS\LAYOUT_ENG_ED\library\TM_AXIAL.llb
Tue Mar 05 15:46:42 Loaded file C:\ORCAD\ORCAD_16.0\TOOLS\LAYOUT_ENG_ED\library\TM_CAP_P.llb
Tue Mar 05 15:46:43 Loaded file C:\ORCAD\ORCAD_16.0\TOOLS\LAYOUT_ENG_ED\library\TM_CYLND.llb
Tue Mar 05 15:46:43 Loaded file C:\ORCAD\ORCAD_16.0\TOOLS\LAYOUT_ENG_ED\library\TM_DIODE.llb
Tue Mar 05 15:46:43 Loaded file C:\ORCAD\ORCAD_16.0\TOOLS\LAYOUT_ENG_ED\library\TM_DISC.llb
Tue Mar 05 15:46:43 Loaded file C:\ORCAD\ORCAD_16.0\TOOLS\LAYOUT_ENG_ED\library\TM_RAD.llb
Tue Mar 05 15:46:43 Loaded file C:\ORCAD\ORCAD_16.0\TOOLS\LAYOUT_ENG_ED\library\TO.llb
Tue Mar 05 15:46:43 Loaded file C:\ORCAD\ORCAD_16.0\TOOLS\LAYOUT_ENG_ED\library\TRAINING.LLB
Tue Mar 05 15:46:43 Loaded file C:\ORCAD\ORCAD_16.0\TOOLS\LAYOUT_ENG_ED\library\VRES.llb
Tue Mar 05 15:46:43 Loaded file C:\ORCAD\ORCAD_16.0\TOOLS\LAYOUT_ENG_ED\library\WCON100T.llb
Tue Mar 05 15:46:43 Loaded file C:\ORCAD\ORCAD_16.0\TOOLS\LAYOUT_ENG_ED\library\XT.llb
Tue Mar 05 15:46:43 Loaded file C:\ORCAD\ORCAD_16.0\TOOLS\LAYOUT_ENG_ED\library\ZIGZAG.llb
Tue Mar 05 15:46:43 Loaded file E:\NI LOGIC PVT. LTD\NI2 DESIGNS\NI2 LIBRARIES\NI2.LLB
Tue Mar 05 15:46:44 Saved as file F:\VINAY_SHARED\VINAY\AGRO - IOT SENSOR PROJECT\PCB_LWS-V1\PCB_LWS-V1-1.MAX
Tue Mar 05 15:46:44 Loaded file F:\VINAY_SHARED\VINAY\AGRO - IOT SENSOR PROJECT\PCB_LWS-V1\PCB_LWS-V1-1.MAX
Tue Mar 05 15:47:15 Saved as file ~undo.max
Tue Mar 05 15:47:36 Saved as file ~undo.max
Tue Mar 05 15:48:36 Saved as file ~undo.max
Tue Mar 05 15:48:40 Saved as file ~undo.max
Tue Mar 05 15:48:41 Saved as file ~undo.max
Tue Mar 05 15:48:43 Saved as file ~undo.max
Tue Mar 05 15:57:02 Saved as file BACKUP1.MAX
Tue Mar 05 16:07:32 Saved as file BACKUP1.MAX
Tue Mar 05 16:18:02 Saved as file BACKUP1.MAX
Tue Mar 05 16:27:11 Saved as file F:\VINAY_SHARED\VINAY\AGRO - IOT SENSOR PROJECT\PCB_LWS-V1\PCB_LWS-V1-1.MAX
Tue Mar 05 16:27:15 Saved as file F:\VINAY_SHARED\VINAY\AGRO - IOT SENSOR PROJECT\PCB_LWS-V1\PCB_LWS-V1-1.MAX
Tue Mar 05 16:27:38 Saved as file F:\VINAY_SHARED\VINAY\AGRO - IOT SENSOR PROJECT\PCB_LWS-V1\PCB_LWS-V1-1.MAX
Tue Mar 05 16:27:40 Saved as file F:\VINAY_SHARED\VINAY\AGRO - IOT SENSOR PROJECT\PCB_LWS-V1\PCB_LWS-V1-1.MAX
Tue Mar 05 16:27:44 Saved as file F:\VINAY_SHARED\VINAY\AGRO - IOT SENSOR PROJECT\PCB_LWS-V1\PCB_LWS-V1-1.MAX
Tue Mar 05 16:28:09 Saved as file F:\VINAY_SHARED\VINAY\AGRO - IOT SENSOR PROJECT\PCB_LWS-V1\PCB_LWS-V1.MAX
Tue Mar 05 16:29:50 Saved as file F:\VINAY_SHARED\VINAY\AGRO - IOT SENSOR PROJECT\PCB_LWS-V1\PCB_LWS-V1.MAX
Tue Mar 05 16:29:51 Saved as file F:\VINAY_SHARED\VINAY\AGRO - IOT SENSOR PROJECT\PCB_LWS-V1\PCB_LWS-V1.MAX
Tue Mar 05 16:30:01 Saved as file F:\VINAY_SHARED\VINAY\AGRO - IOT SENSOR PROJECT\PCB_LWS-V1\PCB_LWS-V1.MAX
