Post Processor Report
OrCAD FILE: F:\VINAY_SHARED\VINAY\AGRO - IOT SENSOR PROJECT\PCB_LWS-V1\PCB_LWS-V1.MAX
Tue Mar 05 16:29:58 2019

*********************************************************

Output file: F:\VINAY_SHARED\VINAY\AGRO - IOT SENSOR PROJECT\PCB_LWS-V1\PCB_LWS-V1.TOP

Aperture totals for F:\VINAY_SHARED\VINAY\AGRO - IOT SENSOR PROJECT\PCB_LWS-V1\PCB_LWS-V1.TOP:
---------------------------------------------------------
D10:  0.0600 x 0.0800 OBLONG    -----       3 Flashes
D11:  0.0600 x 0.0800 RECTANGLE -----       3 Flashes
D12:  0.0800 x 0.0600 OBLONG    -----       2 Flashes
D13:  0.0800 x 0.0600 RECTANGLE -----       2 Flashes
D14:  0.0900 x 0.0660 OBLONG    -----       3 Flashes
D15:  0.0900 x 0.0660 RECTANGLE -----       1 Flashes
D16:  0.1181 ROUND  --       0 Draws,       3 Flashes
D17:  0.0660 x 0.0800 OBLONG    -----       2 Flashes
D18:  0.0660 x 0.0800 RECTANGLE -----       1 Flashes
D19:  0.0660 ROUND  --       0 Draws,       2 Flashes
---------------------------------------------------------
 10 D-Codes      -----       0 Draws,      22 Flashes

*********************************************************

Output file: F:\VINAY_SHARED\VINAY\AGRO - IOT SENSOR PROJECT\PCB_LWS-V1\PCB_LWS-V1.BOT

Aperture totals for F:\VINAY_SHARED\VINAY\AGRO - IOT SENSOR PROJECT\PCB_LWS-V1\PCB_LWS-V1.BOT:
---------------------------------------------------------
D10:  0.0600 x 0.0800 OBLONG    -----       3 Flashes
D11:  0.0600 x 0.0800 RECTANGLE -----       3 Flashes
D12:  0.0800 x 0.0600 OBLONG    -----       2 Flashes
D13:  0.0800 x 0.0600 RECTANGLE -----       2 Flashes
D14:  0.0900 x 0.0660 OBLONG    -----       3 Flashes
D15:  0.0900 x 0.0660 RECTANGLE -----       1 Flashes
D16:  0.1181 ROUND  --       0 Draws,       3 Flashes
D17:  0.0660 x 0.0800 OBLONG    -----       2 Flashes
D18:  0.0660 x 0.0800 RECTANGLE -----       1 Flashes
D19:  0.0660 ROUND  --       0 Draws,       2 Flashes
D20:  0.0500 x 0.1000 RECTANGLE -----       4 Flashes
D21:  0.0600 SQUARE --       0 Draws,       8 Flashes
D22:  0.0201 x 0.0550 OBLONG    -----       1 Flashes
D23:  0.0197 x 0.0550 OBLONG    -----       3 Flashes
D24:  0.0200 x 0.0550 RECTANGLE -----       1 Flashes
D25:  0.0800 x 0.0200 OBLONG    -----       7 Flashes
D26:  0.0800 x 0.0200 RECTANGLE -----       1 Flashes
D27:  0.0080 ROUND  --       8 Draws,       0 Flashes
D28:  0.0100 ROUND  --      75 Draws,       0 Flashes
D29:  0.0150 ROUND  --     105 Draws,       0 Flashes
D30:  0.0250 ROUND  --       5 Draws,       0 Flashes
---------------------------------------------------------
 21 D-Codes      -----     193 Draws,      47 Flashes

*********************************************************

Output file: F:\VINAY_SHARED\VINAY\AGRO - IOT SENSOR PROJECT\PCB_LWS-V1\PCB_LWS-V1.SMT

Aperture totals for F:\VINAY_SHARED\VINAY\AGRO - IOT SENSOR PROJECT\PCB_LWS-V1\PCB_LWS-V1.SMT:
---------------------------------------------------------
D16:  0.1181 ROUND  --       0 Draws,       3 Flashes
D31:  0.0720 x 0.0920 OBLONG    -----       3 Flashes
D32:  0.0720 x 0.0920 RECTANGLE -----       3 Flashes
D33:  0.0920 x 0.0720 OBLONG    -----       2 Flashes
D34:  0.0920 x 0.0720 RECTANGLE -----       2 Flashes
D35:  0.1020 x 0.0780 OBLONG    -----       3 Flashes
D36:  0.1020 x 0.0780 RECTANGLE -----       1 Flashes
D37:  0.0780 x 0.0920 OBLONG    -----       2 Flashes
D38:  0.0780 x 0.0920 RECTANGLE -----       1 Flashes
D39:  0.0780 ROUND  --       0 Draws,       2 Flashes
---------------------------------------------------------
 10 D-Codes      -----       0 Draws,      22 Flashes

*********************************************************

Output file: F:\VINAY_SHARED\VINAY\AGRO - IOT SENSOR PROJECT\PCB_LWS-V1\PCB_LWS-V1.SMB

Aperture totals for F:\VINAY_SHARED\VINAY\AGRO - IOT SENSOR PROJECT\PCB_LWS-V1\PCB_LWS-V1.SMB:
---------------------------------------------------------
D16:  0.1181 ROUND  --       0 Draws,       3 Flashes
D20:  0.0500 x 0.1000 RECTANGLE -----       4 Flashes
D21:  0.0600 SQUARE --       0 Draws,       8 Flashes
D22:  0.0201 x 0.0550 OBLONG    -----       1 Flashes
D23:  0.0197 x 0.0550 OBLONG    -----       3 Flashes
D24:  0.0200 x 0.0550 RECTANGLE -----       1 Flashes
D25:  0.0800 x 0.0200 OBLONG    -----       7 Flashes
D26:  0.0800 x 0.0200 RECTANGLE -----       1 Flashes
D31:  0.0720 x 0.0920 OBLONG    -----       3 Flashes
D32:  0.0720 x 0.0920 RECTANGLE -----       3 Flashes
D33:  0.0920 x 0.0720 OBLONG    -----       2 Flashes
D34:  0.0920 x 0.0720 RECTANGLE -----       2 Flashes
D35:  0.1020 x 0.0780 OBLONG    -----       3 Flashes
D36:  0.1020 x 0.0780 RECTANGLE -----       1 Flashes
D37:  0.0780 x 0.0920 OBLONG    -----       2 Flashes
D38:  0.0780 x 0.0920 RECTANGLE -----       1 Flashes
D39:  0.0780 ROUND  --       0 Draws,       2 Flashes
---------------------------------------------------------
 17 D-Codes      -----       0 Draws,      47 Flashes

*********************************************************

Output file: F:\VINAY_SHARED\VINAY\AGRO - IOT SENSOR PROJECT\PCB_LWS-V1\PCB_LWS-V1.SST

Aperture totals for F:\VINAY_SHARED\VINAY\AGRO - IOT SENSOR PROJECT\PCB_LWS-V1\PCB_LWS-V1.SST:
---------------------------------------------------------
D27:  0.0080 ROUND  --     151 Draws,       0 Flashes
D28:  0.0100 ROUND  --      18 Draws,       0 Flashes
---------------------------------------------------------
  2 D-Codes      -----     169 Draws,       0 Flashes

*********************************************************

Output file: F:\VINAY_SHARED\VINAY\AGRO - IOT SENSOR PROJECT\PCB_LWS-V1\PCB_LWS-V1.AST

Aperture totals for F:\VINAY_SHARED\VINAY\AGRO - IOT SENSOR PROJECT\PCB_LWS-V1\PCB_LWS-V1.AST:
---------------------------------------------------------
D27:  0.0080 ROUND  --     262 Draws,       0 Flashes
D28:  0.0100 ROUND  --     109 Draws,       0 Flashes
D40:  0.0520 ROUND  --       0 Draws,       2 Flashes
D41:  0.0520 SQUARE --       0 Draws,       1 Flashes
---------------------------------------------------------
  4 D-Codes      -----     371 Draws,       3 Flashes

*********************************************************

Output file: F:\VINAY_SHARED\VINAY\AGRO - IOT SENSOR PROJECT\PCB_LWS-V1\PCB_LWS-V1.DRD

Aperture totals for F:\VINAY_SHARED\VINAY\AGRO - IOT SENSOR PROJECT\PCB_LWS-V1\PCB_LWS-V1.DRD:
---------------------------------------------------------
D27:  0.0080 ROUND  --       4 Draws,       0 Flashes
D28:  0.0100 ROUND  --     452 Draws,       0 Flashes
---------------------------------------------------------
  2 D-Codes      -----     456 Draws,       0 Flashes

*********************************************************

Output file: F:\VINAY_SHARED\VINAY\AGRO - IOT SENSOR PROJECT\PCB_LWS-V1\PCB_LWS-V1.FAB

Aperture totals for F:\VINAY_SHARED\VINAY\AGRO - IOT SENSOR PROJECT\PCB_LWS-V1\PCB_LWS-V1.FAB:
---------------------------------------------------------
D27:  0.0080 ROUND  --       4 Draws,       0 Flashes
---------------------------------------------------------
  1 D-Codes      -----       4 Draws,       0 Flashes


*********************************************************

Aperture totals for entire project:
---------------------------------------------------------
D10:  0.0600 x 0.0800 OBLONG    -----       6 Flashes
D11:  0.0600 x 0.0800 RECTANGLE -----       6 Flashes
D12:  0.0800 x 0.0600 OBLONG    -----       4 Flashes
D13:  0.0800 x 0.0600 RECTANGLE -----       4 Flashes
D14:  0.0900 x 0.0660 OBLONG    -----       6 Flashes
D15:  0.0900 x 0.0660 RECTANGLE -----       2 Flashes
D16:  0.1181 ROUND  --       0 Draws,      12 Flashes
D17:  0.0660 x 0.0800 OBLONG    -----       4 Flashes
D18:  0.0660 x 0.0800 RECTANGLE -----       2 Flashes
D19:  0.0660 ROUND  --       0 Draws,       4 Flashes
D20:  0.0500 x 0.1000 RECTANGLE -----       8 Flashes
D21:  0.0600 SQUARE --       0 Draws,      16 Flashes
D22:  0.0201 x 0.0550 OBLONG    -----       2 Flashes
D23:  0.0197 x 0.0550 OBLONG    -----       6 Flashes
D24:  0.0200 x 0.0550 RECTANGLE -----       2 Flashes
D25:  0.0800 x 0.0200 OBLONG    -----      14 Flashes
D26:  0.0800 x 0.0200 RECTANGLE -----       2 Flashes
D27:  0.0080 ROUND  --     429 Draws,       0 Flashes
D28:  0.0100 ROUND  --     654 Draws,       0 Flashes
D29:  0.0150 ROUND  --     105 Draws,       0 Flashes
D30:  0.0250 ROUND  --       5 Draws,       0 Flashes
D31:  0.0720 x 0.0920 OBLONG    -----       6 Flashes
D32:  0.0720 x 0.0920 RECTANGLE -----       6 Flashes
D33:  0.0920 x 0.0720 OBLONG    -----       4 Flashes
D34:  0.0920 x 0.0720 RECTANGLE -----       4 Flashes
D35:  0.1020 x 0.0780 OBLONG    -----       6 Flashes
D36:  0.1020 x 0.0780 RECTANGLE -----       2 Flashes
D37:  0.0780 x 0.0920 OBLONG    -----       4 Flashes
D38:  0.0780 x 0.0920 RECTANGLE -----       2 Flashes
D39:  0.0780 ROUND  --       0 Draws,       4 Flashes
D40:  0.0520 ROUND  --       0 Draws,       2 Flashes
D41:  0.0520 SQUARE --       0 Draws,       1 Flashes
---------------------------------------------------------
 32 D-Codes      -----    1193 Draws,     141 Flashes


No warnings or errors.
